Started workflow [wf_Car_Relation_Bring_Delta] with instance ID [by226ORkEemcu56yKHGAJg].
Started workflow [wf_Car_Relation_Bring_Delta] with instance ID [pMTSPeRmEemcu56yKHGAJg].
Error occurred during initialization of VM
Unable to allocate 16384KB bitmaps for parallel garbage collection for the requested 524288KB heap.
Started workflow [wf_Car_Relation_Bring_Delta] with instance ID [oQba4ORtEemcu56yKHGAJg].
#
# There is insufficient memory for the Java Runtime Environment to continue.
# Native memory allocation (malloc) failed to allocate 494272 bytes for Chunk::new
# An error report file with more information is saved as:
# C:\Users\IDQSER~1\AppData\Local\Temp\\hs_err_pid5672.log
#
# Compiler replay data is saved as:
# C:\Users\IDQSER~1\AppData\Local\Temp\\replay_pid5672.log
Started workflow [wf_Car_Relation_Bring_Delta] with instance ID [EZodROR1Eem6cWV3ID7neA].
Started workflow [wf_Car_Relation_Bring_Delta] with instance ID [HLW2reR4Eem6cWV3ID7neA].
Started workflow [wf_Car_Relation_Bring_Delta] with instance ID [mQdmN-R7Eem6cWV3ID7neA].
Started workflow [wf_Car_Relation_Bring_Delta] with instance ID [HZ7aMuR_Eem6cWV3ID7neA].
Started workflow [wf_Car_Relation_Bring_Delta] with instance ID [lSW7EeSCEem6cWV3ID7neA].
Started workflow [wf_Car_Relation_Bring_Delta] with instance ID [GVtf5eSGEem6cWV3ID7neA].
Started workflow [wf_Car_Relation_Bring_Delta] with instance ID [V1qnGeUlEem6cWV3ID7neA].
Started workflow [wf_Car_Relation_Bring_Delta] with instance ID [0lb-weUoEem6cWV3ID7neA].
Started workflow [wf_Car_Relation_Bring_Delta] with instance ID [ULh8SeUsEem6cWV3ID7neA].
Started workflow [wf_Car_Relation_Bring_Delta] with instance ID [zlYzz-UvEem6cWV3ID7neA].
Started workflow [wf_Car_Relation_Bring_Delta] with instance ID [TMxJxOUzEem6cWV3ID7neA].
Started workflow [wf_Car_Relation_Bring_Delta] with instance ID [yq7SS-U2Eem6cWV3ID7neA].
Started workflow [wf_Car_Relation_Bring_Delta] with instance ID [SeGBpeU6Eem6cWV3ID7neA].
Started workflow [wf_Car_Relation_Bring_Delta] with instance ID [yBl9UeU9Eem6cWV3ID7neA].
Started workflow [wf_Car_Relation_Bring_Delta] with instance ID [ROvNwuVBEem6cWV3ID7neA].
Started workflow [wf_Car_Relation_Bring_Delta] with instance ID [w_Pqh-VEEem6cWV3ID7neA].
Started workflow [wf_Car_Relation_Bring_Delta] with instance ID [ReuGIOVIEem6cWV3ID7neA].
Started workflow [wf_Car_Relation_Bring_Delta] with instance ID [vwNAUuVLEem6cWV3ID7neA].
Started workflow [wf_Car_Relation_Bring_Delta] with instance ID [PeeCa-VPEem6cWV3ID7neA].
Started workflow [wf_Car_Relation_Bring_Delta] with instance ID [98A3ruWjEem6cWV3ID7neA].
Started workflow [wf_Car_Relation_Bring_Delta] with instance ID [kLJH0OWoEem6cWV3ID7neA].
Started workflow [wf_Car_Relation_Bring_Delta] with instance ID [Pv1nQeXgEem6cWV3ID7neA].
Started workflow [wf_Car_Relation_Bring_Delta] with instance ID [geHZw-XuEem6cWV3ID7neA].
Started workflow [wf_Car_Relation_Bring_Delta] with instance ID [6JgkhOXvEem6cWV3ID7neA].
Started workflow [wf_Car_Relation_Bring_Delta] with instance ID [SiwLLuXxEem6cWV3ID7neA].
Started workflow [wf_Car_Relation_Bring_Delta] with instance ID [r-ZpHOXyEem6cWV3ID7neA].
Started workflow [wf_Car_Relation_Bring_Delta] with instance ID [FXb4mOX0Eem6cWV3ID7neA].
Started workflow [wf_Car_Relation_Bring_Delta] with instance ID [ey-B4-X1Eem6cWV3ID7neA].
Started workflow [wf_Car_Relation_Bring_Delta] with instance ID [4-YJfOX2Eem6cWV3ID7neA].
Started workflow [wf_Car_Relation_Bring_Delta] with instance ID [SoSGt-X4Eem6cWV3ID7neA].
Started workflow [wf_Car_Relation_Bring_Delta] with instance ID [q-3bFeX5Eem6cWV3ID7neA].
Started workflow [wf_Car_Relation_Bring_Delta] with instance ID [EhYVp-X7Eem6cWV3ID7neA].
Started workflow [wf_Car_Relation_Bring_Delta] with instance ID [dw42L-X8Eem6cWV3ID7neA].
Started workflow [wf_Car_Relation_Bring_Delta] with instance ID [3SGxPOX9Eem6cWV3ID7neA].
Started workflow [wf_Car_Relation_Bring_Delta] with instance ID [RR7UB-X_Eem6cWV3ID7neA].
Started workflow [wf_Car_Relation_Bring_Delta] with instance ID [q_hdluYAEem6cWV3ID7neA].
Started workflow [wf_Car_Relation_Bring_Delta] with instance ID [DXLvw-YCEem6cWV3ID7neA].
Started workflow [wf_Car_Relation_Bring_Delta] with instance ID [czhxYuYDEem6cWV3ID7neA].
Started workflow [wf_Car_Relation_Bring_Delta] with instance ID [2LVRyeYEEem6cWV3ID7neA].
Started workflow [wf_Car_Relation_Bring_Delta] with instance ID [PqNqquYGEem6cWV3ID7neA].
Started workflow [wf_Car_Relation_Bring_Delta] with instance ID [qz0gROYHEem6cWV3ID7neA].
Started workflow [wf_Car_Relation_Bring_Delta] with instance ID [Deksp-YJEem6cWV3ID7neA].
Started workflow [wf_Car_Relation_Bring_Delta] with instance ID [bzChXeYKEem6cWV3ID7neA].
Started workflow [wf_Car_Relation_Bring_Delta] with instance ID [1Uj-auYLEem6cWV3ID7neA].
Started workflow [wf_Car_Relation_Bring_Delta] with instance ID [Onx45OYNEem6cWV3ID7neA].
Started workflow [wf_Car_Relation_Bring_Delta] with instance ID [oJQ6E-YOEem6cWV3ID7neA].
Started workflow [wf_Car_Relation_Bring_Delta] with instance ID [CNNHweYQEem6cWV3ID7neA].
Started workflow [wf_Car_Relation_Bring_Delta] with instance ID [bwEBDeYREem6cWV3ID7neA].
Started workflow [wf_Car_Relation_Bring_Delta] with instance ID [0WOCNeYSEem6cWV3ID7neA].
Started workflow [wf_Car_Relation_Bring_Delta] with instance ID [NvwBB-YUEem6cWV3ID7neA].
Started workflow [wf_Car_Relation_Bring_Delta] with instance ID [nWX_8OYVEem6cWV3ID7neA].
Started workflow [wf_Car_Relation_Bring_Delta] with instance ID [At-sBOYXEem6cWV3ID7neA].
Started workflow [wf_Car_Relation_Bring_Delta] with instance ID [aCKRK-YYEem6cWV3ID7neA].
Started workflow [wf_Car_Relation_Bring_Delta] with instance ID [qnymM-a3Eem6cWV3ID7neA].
Started workflow [wf_Car_Relation_Bring_Delta] with instance ID [EUGWdOa5Eem6cWV3ID7neA].
Started workflow [wf_Car_Relation_Bring_Delta] with instance ID [c-61H-a6Eem6cWV3ID7neA].
Started workflow [wf_Car_Relation_Bring_Delta] with instance ID [2W4Glea7Eem6cWV3ID7neA].
Started workflow [wf_Car_Relation_Bring_Delta] with instance ID [Py4x7ea9Eem6cWV3ID7neA].
Started workflow [wf_Car_Relation_Bring_Delta] with instance ID [pP4UOOa-Eem6cWV3ID7neA].
Started workflow [wf_Car_Relation_Bring_Delta] with instance ID [DKY4j-bAEem6cWV3ID7neA].
Started workflow [wf_Car_Relation_Bring_Delta] with instance ID [c568YebBEem6cWV3ID7neA].
Started workflow [wf_Car_Relation_Bring_Delta] with instance ID [1bFv--bCEem6cWV3ID7neA].
Started workflow [wf_Car_Relation_Bring_Delta] with instance ID [O0fLH-bEEem6cWV3ID7neA].
Started workflow [wf_Car_Relation_Bring_Delta] with instance ID [oObZi-bFEem6cWV3ID7neA].
Started workflow [wf_Car_Relation_Bring_Delta] with instance ID [BqST4ObHEem6cWV3ID7neA].
Started workflow [wf_Car_Relation_Bring_Delta] with instance ID [bjJS5-bIEem6cWV3ID7neA].
Started workflow [wf_Car_Relation_Bring_Delta] with instance ID [1Z5_SebJEem6cWV3ID7neA].
Started workflow [wf_Car_Relation_Bring_Delta] with instance ID [N1P38ObLEem6cWV3ID7neA].
Started workflow [wf_Car_Relation_Bring_Delta] with instance ID [nPTa--bMEem6cWV3ID7neA].
Started workflow [wf_Car_Relation_Bring_Delta] with instance ID [AqqlMubOEem6cWV3ID7neA].
Started workflow [wf_Car_Relation_Bring_Delta] with instance ID [aLwkV-bPEem6cWV3ID7neA].
Started workflow [wf_Car_Relation_Bring_Delta] with instance ID [07ln0ObQEem6cWV3ID7neA].
Started workflow [wf_Car_Relation_Bring_Delta] with instance ID [OG6x9ubSEem6cWV3ID7neA].
Started workflow [wf_Car_Relation_Bring_Delta] with instance ID [mSg-BebTEem6cWV3ID7neA].
Started workflow [wf_Car_Relation_Bring_Delta] with instance ID [_rbSI-bUEem6cWV3ID7neA].
Started workflow [wf_Car_Relation_Bring_Delta] with instance ID [ZHvfDubWEem6cWV3ID7neA].
Started workflow [wf_Car_Relation_Bring_Delta] with instance ID [ymkMeObXEem6cWV3ID7neA].
Started workflow [wf_Car_Relation_Bring_Delta] with instance ID [L7UZNubZEem6cWV3ID7neA].
Started workflow [wf_Car_Relation_Bring_Delta] with instance ID [mGGOkubaEem6cWV3ID7neA].
Started workflow [wf_Car_Relation_Bring_Delta] with instance ID [--XS4ObbEem6cWV3ID7neA].
Started workflow [wf_Car_Relation_Bring_Delta] with instance ID [YQx84ubdEem6cWV3ID7neA].
Started workflow [wf_Car_Relation_Bring_Delta] with instance ID [xonShebeEem6cWV3ID7neA].
Started workflow [wf_Car_Relation_Bring_Delta] with instance ID [LGqlNObgEem6cWV3ID7neA].
Started workflow [wf_Car_Relation_Bring_Delta] with instance ID [ke3uNebhEem6cWV3ID7neA].
Started workflow [wf_Car_Relation_Bring_Delta] with instance ID [ew67PR2fEeqRtLd6AoujBw].
Started workflow [wf_Car_Relation_Bring_Delta] with instance ID [B55eDR3KEeqRtLd6AoujBw].
Started workflow [wf_Car_Relation_Bring_Delta] with instance ID [dDAkOx3LEeqRtLd6AoujBw].
Started workflow [wf_Car_Relation_Bring_Delta] with instance ID [1LvpIh3MEeqRtLd6AoujBw].
Started workflow [wf_Car_Relation_Bring_Delta] with instance ID [OXC-1x3OEeqRtLd6AoujBw].
Started workflow [wf_Car_Relation_Bring_Delta] with instance ID [nLFEAh3PEeqRtLd6AoujBw].
Started workflow [wf_Car_Relation_Bring_Delta] with instance ID [BWLpGR3REeqRtLd6AoujBw].
Started workflow [wf_Car_Relation_Bring_Delta] with instance ID [clWT7h3SEeqRtLd6AoujBw].
Started workflow [wf_Car_Relation_Bring_Delta] with instance ID [07ZcER3TEeqRtLd6AoujBw].
Started workflow [wf_Car_Relation_Bring_Delta] with instance ID [NQwobR3VEeqRtLd6AoujBw].
Started workflow [wf_Car_Relation_Bring_Delta] with instance ID [mhG1MB3WEeqRtLd6AoujBw].
Started workflow [wf_Car_Relation_Bring_Delta] with instance ID [_xzBfx3XEeqRtLd6AoujBw].
Started workflow [wf_Car_Relation_Bring_Delta] with instance ID [ZxtC3R3ZEeqRtLd6AoujBw].
Started workflow [wf_Car_Relation_Bring_Delta] with instance ID [2ObtjB3aEeqRtLd6AoujBw].
Started workflow [wf_Car_Relation_Bring_Delta] with instance ID [NS2Oex3cEeqRtLd6AoujBw].
Started workflow [wf_Car_Relation_Bring_Delta] with instance ID [lyRVtx3dEeqRtLd6AoujBw].
Started workflow [wf_Car_Relation_Bring_Delta] with instance ID [-tiqnR3eEeqRtLd6AoujBw].
Started workflow [wf_Car_Relation_Bring_Delta] with instance ID [YsAirR3gEeqRtLd6AoujBw].
Started workflow [wf_Car_Relation_Bring_Delta] with instance ID [yKLwYh3hEeqRtLd6AoujBw].
Started workflow [wf_Car_Relation_Bring_Delta] with instance ID [NPAzch3jEeqRtLd6AoujBw].
Started workflow [wf_Car_Relation_Bring_Delta] with instance ID [ll1_Nx3kEeqRtLd6AoujBw].
Started workflow [wf_Car_Relation_Bring_Delta] with instance ID [9wqHtx3lEeqRtLd6AoujBw].
Started workflow [wf_Car_Relation_Bring_Delta] with instance ID [XQsWTR3nEeqRtLd6AoujBw].
Started workflow [wf_Car_Relation_Bring_Delta] with instance ID [xJE0zh3oEeqRtLd6AoujBw].
Started workflow [wf_Car_Relation_Bring_Delta] with instance ID [KnGSFB3qEeqRtLd6AoujBw].
Started workflow [wf_Car_Relation_Bring_Delta] with instance ID [hyYU2CAlEeqRtLd6AoujBw].
Started workflow [wf_Car_Relation_Bring_Delta] with instance ID [8YxvliAmEeqRtLd6AoujBw].
Started workflow [wf_Car_Relation_Bring_Delta] with instance ID [UfASsyAoEeqRtLd6AoujBw].
Started workflow [wf_Car_Relation_Bring_Delta] with instance ID [tzG_cyApEeqRtLd6AoujBw].
Started workflow [wf_Car_Relation_Bring_Delta] with instance ID [HFksIyArEeqRtLd6AoujBw].
Started workflow [wf_Car_Relation_Bring_Delta] with instance ID [gluQ4iAsEeqRtLd6AoujBw].
Started workflow [wf_Car_Relation_Bring_Delta] with instance ID [8DbGESAtEeqRtLd6AoujBw].
Started workflow [wf_Car_Relation_Bring_Delta] with instance ID [UVnCYiAvEeqRtLd6AoujBw].
Started workflow [wf_Car_Relation_Bring_Delta] with instance ID [snGavCAwEeqRtLd6AoujBw].
Started workflow [wf_Car_Relation_Bring_Delta] with instance ID [GEK2AiAyEeqRtLd6AoujBw].
Started workflow [wf_Car_Relation_Bring_Delta] with instance ID [fg6gfSAzEeqRtLd6AoujBw].
Started workflow [wf_Car_Relation_Bring_Delta] with instance ID [5SqyLyA0EeqRtLd6AoujBw].
Started workflow [wf_Car_Relation_Bring_Delta] with instance ID [VV3hLSA2EeqRtLd6AoujBw].
Started workflow [wf_Car_Relation_Bring_Delta] with instance ID [s3lplSA3EeqRtLd6AoujBw].
Started workflow [wf_Car_Relation_Bring_Delta] with instance ID [FHvlxiA5EeqRtLd6AoujBw].
Started workflow [wf_Car_Relation_Bring_Delta] with instance ID [elJXhyA6EeqRtLd6AoujBw].
Started workflow [wf_Car_Relation_Bring_Delta] with instance ID [39aLNCA7EeqRtLd6AoujBw].
Started workflow [wf_Car_Relation_Bring_Delta] with instance ID [Rh4N4iA9EeqRtLd6AoujBw].
Started workflow [wf_Car_Relation_Bring_Delta] with instance ID [sjlrDyA-EeqRtLd6AoujBw].
Started workflow [wf_Car_Relation_Bring_Delta] with instance ID [FLbuUCBAEeqRtLd6AoujBw].
Started workflow [wf_Car_Relation_Bring_Delta] with instance ID [djmWlSBBEeqRtLd6AoujBw].
Started workflow [wf_Car_Relation_Bring_Delta] with instance ID [28gqlCBCEeqRtLd6AoujBw].
Started workflow [wf_Car_Relation_Bring_Delta] with instance ID [QYsT-yBEEeqRtLd6AoujBw].
Started workflow [wf_Car_Relation_Bring_Delta] with instance ID [pzHrLCBFEeqRtLd6AoujBw].
Completed workflow [wf_Car_Relation_Bring_Delta] with instance ID [Fx-FEkKlEeqZqawnEusbKg].
Completed workflow [wf_Car_Relation_Bring_Delta] with instance ID [8VEac0KmEeqZqawnEusbKg].
Completed workflow [wf_Car_Relation_Bring_Delta] with instance ID [ii-j5kKrEeqZqawnEusbKg].
Completed workflow [wf_Car_Relation_Bring_Delta] with instance ID [C8v_9kKvEeqZqawnEusbKg].
Completed workflow [wf_Car_Relation_Bring_Delta] with instance ID [hqfYUkKyEeqZqawnEusbKg].
Completed workflow [wf_Car_Relation_Bring_Delta] with instance ID [CAa2M0K2EeqZqawnEusbKg].
Completed workflow [wf_Car_Relation_Bring_Delta] with instance ID [gdGTkEK5EeqZqawnEusbKg].
Completed workflow [wf_Car_Relation_Bring_Delta] with instance ID [A5VN30K9EeqZqawnEusbKg].
Completed workflow [wf_Car_Relation_Bring_Delta] with instance ID [fejjZULAEeqZqawnEusbKg].
Completed workflow [wf_Car_Relation_Bring_Delta] with instance ID [_24OFELDEeqZqawnEusbKg].
Completed workflow [wf_Car_Relation_Bring_Delta] with instance ID [eh0K5kLHEeqZqawnEusbKg].
