The workflow instance started. : workflow instance ID = [U:T_LqU96AEeiEPDy7K3WjVg]
02.11.2018 10:18:51,72
The workflow instance started. : workflow instance ID = [U:qm4qS97qEeiEPDy7K3WjVg]
02.11.2018 23:00:10,53
The workflow instance started. : workflow instance ID = [U:1P-WQN-zEeiEPDy7K3WjVg]
03.11.2018 23:00:10,82
The workflow instance started. : workflow instance ID = [U:_ypRfOB8EeiEPDy7K3WjVg]
04.11.2018 23:00:10,11
The workflow instance started. : workflow instance ID = [U:Kci2c-FGEeiEPDy7K3WjVg]
05.11.2018 23:00:10,46
The workflow instance started. : workflow instance ID = [U:U7QeGOIPEeiEPDy7K3WjVg]
06.11.2018 23:00:09,66
The workflow instance started. : workflow instance ID = [U:fbHWM-LYEeiEPDy7K3WjVg]
07.11.2018 23:00:09,22
The workflow instance started. : workflow instance ID = [U:qFPkNuOhEeiEPDy7K3WjVg]
08.11.2018 23:00:09,73
The workflow instance started. : workflow instance ID = [U:0tY1uuRqEeiEPDy7K3WjVg]
09.11.2018 23:00:09,36
The workflow instance started. : workflow instance ID = [U:_brKgOUzEeiEPDy7K3WjVg]
10.11.2018 23:00:10,19
The workflow instance started. : workflow instance ID = [U:KAOU4uX9EeiEPDy7K3WjVg]
11.11.2018 23:00:10,46
The workflow instance started. : workflow instance ID = [U:UgElgObGEeiEPDy7K3WjVg]
12.11.2018 23:00:10,03
The workflow instance started. : workflow instance ID = [U:fHPmROePEeiEPDy7K3WjVg]
13.11.2018 23:00:09,63
The workflow instance started. : workflow instance ID = [U:p3viiuhYEeiEPDy7K3WjVg]
14.11.2018 23:00:10,93
The workflow instance started. : workflow instance ID = [U:0XjXLukhEeihVhI47Z99iA]
15.11.2018 23:00:12,39
The workflow instance started. : workflow instance ID = [U:_Km3vunqEeihVhI47Z99iA]
16.11.2018 23:00:10,94
The workflow instance started. : workflow instance ID = [U:JqarW-q0EeihVhI47Z99iA]
17.11.2018 23:00:10,42
The workflow instance started. : workflow instance ID = [U:UOYm8-t9EeihVhI47Z99iA]
18.11.2018 23:00:10,48
The workflow instance started. : workflow instance ID = [U:e55V0exGEeihVhI47Z99iA]
19.11.2018 23:00:10,90
The workflow instance started. : workflow instance ID = [U:pN2fpe0PEeihVhI47Z99iA]
20.11.2018 23:00:09,26
The workflow instance started. : workflow instance ID = [U:z3gzI-3YEeihVhI47Z99iA]
21.11.2018 23:00:09,06
The workflow instance started. : workflow instance ID = [U:-cnXp-6hEeihVhI47Z99iA]
22.11.2018 23:00:08,91
The workflow instance started. : workflow instance ID = [U:JCpI5u9rEeihVhI47Z99iA]
23.11.2018 23:00:09,10
The workflow instance started. : workflow instance ID = [U:TwjqAPA0EeihVhI47Z99iA]
24.11.2018 23:00:09,47
The workflow instance started. : workflow instance ID = [U:eLHyvfD9EeihVhI47Z99iA]
25.11.2018 23:00:08,60
The workflow instance started. : workflow instance ID = [U:ozLkD_HGEeijQQUlD2UskQ]
26.11.2018 23:00:09,56
The workflow instance started. : workflow instance ID = [U:zlut6fKPEeijQQUlD2UskQ]
27.11.2018 23:00:09,83
The workflow instance started. : workflow instance ID = [U:9_oH6vNYEeijQQUlD2UskQ]
28.11.2018 23:00:08,59
The workflow instance started. : workflow instance ID = [U:Igo2DfQiEeiP6n-wRfI31A]
29.11.2018 23:00:09,52
The workflow instance started. : workflow instance ID = [U:TUlvHPTrEeiP6n-wRfI31A]
30.11.2018 23:00:09,06
The workflow instance started. : workflow instance ID = [U:dzyeqPW0EeiP6n-wRfI31A]
01.12.2018 23:00:08,47
The workflow instance started. : workflow instance ID = [U:odPX9PZ9EeiP6n-wRfI31A]
02.12.2018 23:00:08,74
The workflow instance started. : workflow instance ID = [U:zEyysvdGEeiP6n-wRfI31A]
03.12.2018 23:00:08,99
The workflow instance started. : workflow instance ID = [U:9tSpPPgPEeiP6n-wRfI31A]
04.12.2018 23:00:08,92
The workflow instance started. : workflow instance ID = [U:IZNm8fjZEeiP6n-wRfI31A]
05.12.2018 23:00:09,64
The workflow instance started. : workflow instance ID = [U:Sywb9_miEeiP6n-wRfI31A]
06.12.2018 23:00:08,19
The workflow instance started. : workflow instance ID = [U:dUxPFvprEeiP6n-wRfI31A]
07.12.2018 23:00:07,91
The workflow instance started. : workflow instance ID = [U:oFyvZvs0EeiP6n-wRfI31A]
08.12.2018 23:00:08,83
[ICMD_10033] Command [startworkflow] failed with error [com.informatica.ds.app.semanticlayer.impl.SemanticApplicationImpl.getState(SemanticApplicationImpl.java:480)
com.informatica.ds.app.semanticlayer.impl.SemanticApplicationImpl.isRunning(SemanticApplicationImpl.java:496)
com.informatica.workflow.wfs.service.WorkflowMetadataProviderImpl.fetchWorkflow(WorkflowMetadataProviderImpl.java:307)
com.informatica.workflow.wfs.service.WorkflowMetadataProviderImpl.validateWorkflowIsRunnable(WorkflowMetadataProviderImpl.java:273)
com.informatica.workflow.wfs.service.WorkflowServiceImpl.startWorkflow(WorkflowServiceImpl.java:275)
sun.reflect.NativeMethodAccessorImpl.invoke0(Native Method)
sun.reflect.NativeMethodAccessorImpl.invoke(NativeMethodAccessorImpl.java:57)
sun.reflect.DelegatingMethodAccessorImpl.invoke(DelegatingMethodAccessorImpl.java:43)
java.lang.reflect.Method.invoke(Method.java:606)
com.informatica.pcsf.servicesframework.service.impl.ServiceRequestHandler$MethodInvokeRequestHandler.getMethodResult(ServiceRequestHandler.java:690)
com.informatica.pcsf.servicesframework.service.impl.ServiceRequestHandler$ResilientMethodInvokeRequestHandler.executeRequest(ServiceRequestHandler.java:898)
com.informatica.pcsf.servicesframework.service.impl.ServiceRequestHandler$ResilientMethodInvokeRequestHandler.handle(ServiceRequestHandler.java:809)
com.informatica.pcsf.servicesframework.service.impl.ServiceRequestHandler.handleMethodInvokeRequest(ServiceRequestHandler.java:204)
com.informatica.pcsf.servicesframework.service.impl.ServiceRequestHandler.onReceiveRequest(ServiceRequestHandler.java:133)
com.informatica.pcsf.datatransport.impl.RequestHandlerImpl.receiveMSG(RequestHandlerImpl.java:39)
org.beepcore.beep.core.ChannelImpl.run(ChannelImpl.java:386)
java.util.concurrent.ThreadPoolExecutor.runWorker(ThreadPoolExecutor.java:1145)
java.util.concurrent.ThreadPoolExecutor$Worker.run(ThreadPoolExecutor.java:615)
java.lang.Thread.run(Thread.java:745)
].
09.12.2018 23:00:07,75
The workflow instance started. : workflow instance ID = [U:9O5E5vzGEeiQ_E_ZlDZUBA]
10.12.2018 23:00:09,45
The workflow instance started. : workflow instance ID = [U:H6-ah_2QEeiQ_E_ZlDZUBA]
11.12.2018 23:00:10,41
The workflow instance started. : workflow instance ID = [U:Sj4gFv5ZEeiQ_E_ZlDZUBA]
12.12.2018 23:00:11,18
The workflow instance started. : workflow instance ID = [U:dK37Nf8iEeiQ_E_ZlDZUBA]
13.12.2018 23:00:12,93
The workflow instance started. : workflow instance ID = [U:nz_csf_rEeiQ_E_ZlDZUBA]
14.12.2018 23:00:15,41
The workflow instance started. : workflow instance ID = [U:yayCSAC0EemQ_E_ZlDZUBA]
15.12.2018 23:00:09,47
The workflow instance started. : workflow instance ID = [U:89fZ2wF9EemQ_E_ZlDZUBA]
16.12.2018 23:00:17,02
The workflow instance started. : workflow instance ID = [U:Hke1AgJHEemQ_E_ZlDZUBA]
17.12.2018 23:00:15,32
The workflow instance started. : workflow instance ID = [U:TXqVngMQEemQ_E_ZlDZUBA]
18.12.2018 23:00:17,01
The workflow instance started. : workflow instance ID = [U:c4ZSjgPZEemQ_E_ZlDZUBA]
19.12.2018 23:00:18,31
The workflow instance started. : workflow instance ID = [U:nlwa-QSiEemQ_E_ZlDZUBA]
20.12.2018 23:00:10,51
The workflow instance started. : workflow instance ID = [U:yiusGQVrEemQ_E_ZlDZUBA]
21.12.2018 23:00:12,66
The workflow instance started. : workflow instance ID = [U:8lszVwY0EemQ_E_ZlDZUBA]
22.12.2018 23:00:11,48
The workflow instance started. : workflow instance ID = [U:HPCXIgb-EemQ_E_ZlDZUBA]
23.12.2018 23:00:15,81
The workflow instance started. : workflow instance ID = [U:R4srLwfHEemQ_E_ZlDZUBA]
24.12.2018 23:00:09,68
The workflow instance started. : workflow instance ID = [U:dIJNFAiQEemQ_E_ZlDZUBA]
25.12.2018 23:00:14,10
The workflow instance started. : workflow instance ID = [U:ndnaWQlZEemQ_E_ZlDZUBA]
26.12.2018 23:00:12,93
The workflow instance started. : workflow instance ID = [U:xll8xgoiEemYIXumN-fVdA]
27.12.2018 23:00:09,63
The workflow instance started. : workflow instance ID = [U:8PUimgrrEemYIXumN-fVdA]
28.12.2018 23:00:09,39
The workflow instance started. : workflow instance ID = [U:G3iE4wu1EemYIXumN-fVdA]
29.12.2018 23:00:09,57
The workflow instance started. : workflow instance ID = [U:RvCBRQx-EemYIXumN-fVdA]
30.12.2018 23:00:11,42
The workflow instance started. : workflow instance ID = [U:cE855g1HEemYIXumN-fVdA]
31.12.2018 23:00:09,60
The workflow instance started. : workflow instance ID = [U:nmPYuA4QEemYIXumN-fVdA]
01.01.2019 23:00:15,72
The workflow instance started. : workflow instance ID = [U:xMQemQ7ZEemYIXumN-fVdA]
02.01.2019 23:00:08,79
The workflow instance started. : workflow instance ID = [U:72s1Zw-iEemYIXumN-fVdA]
03.01.2019 23:00:09,41
The workflow instance started. : workflow instance ID = [U:Gm-vExBsEemqxqcG0kNWiw]
04.01.2019 23:00:11,16
The workflow instance started. : workflow instance ID = [U:RC47NhE1EemqxqcG0kNWiw]
05.01.2019 23:00:09,28
The workflow instance started. : workflow instance ID = [U:bjTzLRH-EemqxqcG0kNWiw]
06.01.2019 23:00:08,51
The workflow instance started. : workflow instance ID = [U:mIPY7xLHEemqxqcG0kNWiw]
07.01.2019 23:00:08,71
The workflow instance started. : workflow instance ID = [U:wwy5bBOQEemqxqcG0kNWiw]
08.01.2019 23:00:08,55
The workflow instance started. : workflow instance ID = [U:7biybhRZEemqxqcG0kNWiw]
09.01.2019 23:00:09,08
The workflow instance started. : workflow instance ID = [U:GKywghUjEemqxqcG0kNWiw]
10.01.2019 23:00:09,94
The workflow instance started. : workflow instance ID = [U:Qn4ByxXsEemqxqcG0kNWiw]
11.01.2019 23:00:09,00
The workflow instance started. : workflow instance ID = [U:bOQYWha1EemqxqcG0kNWiw]
12.01.2019 23:00:08,75
The workflow instance started. : workflow instance ID = [U:l4_qexd-EemqxqcG0kNWiw]
13.01.2019 23:00:09,43
The workflow instance started. : workflow instance ID = [U:wjLidRhHEemqxqcG0kNWiw]
14.01.2019 23:00:09,73
The workflow instance started. : workflow instance ID = [U:7A0MZBkQEemqxqcG0kNWiw]
15.01.2019 23:00:08,72
The workflow instance started. : workflow instance ID = [U:FlggyBnaEemqxqcG0kNWiw]
16.01.2019 23:00:08,52
The workflow instance started. : workflow instance ID = [U:QRhlpRqjEemqxqcG0kNWiw]
17.01.2019 23:00:09,15
The workflow instance started. : workflow instance ID = [U:a8AZEBtsEemqxqcG0kNWiw]
18.01.2019 23:00:09,53
The workflow instance started. : workflow instance ID = [U:ldeaJRw1EemqxqcG0kNWiw]
19.01.2019 23:00:09,18
The workflow instance started. : workflow instance ID = [U:wJjJQRz-EemqxqcG0kNWiw]
20.01.2019 23:00:09,46
The workflow instance started. : workflow instance ID = [U:62I1JB3HEemqxqcG0kNWiw]
21.01.2019 23:00:10,26
The workflow instance started. : workflow instance ID = [U:FN79Tx6REemqxqcG0kNWiw]
22.01.2019 23:00:08,50
The workflow instance started. : workflow instance ID = [U:P7FCmR9aEemqxqcG0kNWiw]
23.01.2019 23:00:09,33
The workflow instance started. : workflow instance ID = [U:aj3z4yAjEemqxqcG0kNWiw]
24.01.2019 23:00:09,61
The workflow instance started. : workflow instance ID = [U:lnYzNSDsEemqxqcG0kNWiw]
25.01.2019 23:00:12,91
[ICMD_10033] Command [startworkflow] failed with error [[WorkflowSvcMsg_10013] The Workflow Service Module could not start an instance of a workflow. : error = [[WorkflowSvcMsg_10004] The application is not started. Start the application before running a workflow instance from the application. : application = [app_wf_Batch_Customer_Status]]].
26.01.2019 23:00:08,92
[ICMD_10033] Command [startworkflow] failed with error [[WorkflowSvcMsg_10013] The Workflow Service Module could not start an instance of a workflow. : error = [[WorkflowSvcMsg_10004] The application is not started. Start the application before running a workflow instance from the application. : application = [app_wf_Batch_Customer_Status]]].
27.01.2019 23:00:09,06
The workflow instance started. : workflow instance ID = [U:E0ZDyCNIEemjNkXuCJ6C2A]
28.01.2019 23:00:10,32
The workflow instance started. : workflow instance ID = [U:PjyMOCQREemjNkXuCJ6C2A]
29.01.2019 23:00:09,79
The workflow instance started. : workflow instance ID = [U:aFUeVCTaEemjNkXuCJ6C2A]
30.01.2019 23:00:08,85
The workflow instance started. : workflow instance ID = [U:lBxyniWjEemjNkXuCJ6C2A]
31.01.2019 23:00:12,86
The workflow instance started. : workflow instance ID = [U:vLO8kSZsEemjNkXuCJ6C2A]
01.02.2019 23:00:08,35
The workflow instance started. : workflow instance ID = [U:551bZSc1EemjNkXuCJ6C2A]
02.02.2019 23:00:11,69
The workflow instance started. : workflow instance ID = [U:EdmiOyf_EemoF7segDpRsQ]
03.02.2019 23:00:13,03
The workflow instance started. : workflow instance ID = [U:PGG_6SjIEemoF7segDpRsQ]
04.02.2019 23:00:10,28
The workflow instance started. : workflow instance ID = [U:ZyTDiymREemoF7segDpRsQ]
05.02.2019 23:00:18,80
The workflow instance started. : workflow instance ID = [U:kRB6bSpaEemoF7segDpRsQ]
06.02.2019 23:00:08,54
The workflow instance started. : workflow instance ID = [U:vE0aHysjEemoF7segDpRsQ]
07.02.2019 23:00:10,09
The workflow instance started. : workflow instance ID = [U:5ixN_SvsEemoF7segDpRsQ]
08.02.2019 23:00:09,13
The workflow instance started. : workflow instance ID = [U:Ee_Q5Sy2EemoF7segDpRsQ]
09.02.2019 23:00:11,18
The workflow instance started. : workflow instance ID = [U:O4fCRC1_EemoF7segDpRsQ]
10.02.2019 23:00:10,17
The workflow instance started. : workflow instance ID = [U:ZbnQaC5IEemoF7segDpRsQ]
11.02.2019 23:00:09,64
The workflow instance started. : workflow instance ID = [U:j-6dUS8REemoF7segDpRsQ]
12.02.2019 23:00:09,14
The workflow instance started. : workflow instance ID = [U:utMzKy_aEemoF7segDpRsQ]
13.02.2019 23:00:10,04
The workflow instance started. : workflow instance ID = [U:5Lx4FjCjEemoF7segDpRsQ]
14.02.2019 23:00:09,40
The workflow instance started. : workflow instance ID = [U:pTn5cDOeEemoF7segDpRsQ]
18.02.2019 18:00:09,23
The workflow instance started. : workflow instance ID = [U:CYvt7zOgEemoF7segDpRsQ]
18.02.2019 18:10:06,32
The workflow instance started. : workflow instance ID = [U:bq1npzOhEemoF7segDpRsQ]
18.02.2019 18:20:05,44
The workflow instance started. : workflow instance ID = [U:1EqheDOiEemoF7segDpRsQ]
18.02.2019 18:30:05,46
The workflow instance started. : workflow instance ID = [U:OegCbjOkEemoF7segDpRsQ]
18.02.2019 18:40:05,48
The workflow instance started. : workflow instance ID = [U:n_fTsTOlEemoF7segDpRsQ]
18.02.2019 18:50:06,13
The workflow instance started. : workflow instance ID = [U:Bs2NkDOnEemoF7segDpRsQ]
18.02.2019 19:00:08,35
The workflow instance started. : workflow instance ID = [U:au1O_jOoEemoF7segDpRsQ]
18.02.2019 19:10:05,64
The workflow instance started. : workflow instance ID = [U:0IODAjOpEemoF7segDpRsQ]
18.02.2019 19:20:05,68
The workflow instance started. : workflow instance ID = [U:Nj2TojOrEemoF7segDpRsQ]
18.02.2019 19:30:05,76
The workflow instance started. : workflow instance ID = [U:m9rNDDOsEemoF7segDpRsQ]
18.02.2019 19:40:05,73
The workflow instance started. : workflow instance ID = [U:AbFmVDOuEemoF7segDpRsQ]
18.02.2019 19:50:06,06
The workflow instance started. : workflow instance ID = [U:aLudPjOvEemoF7segDpRsQ]
18.02.2019 20:00:08,71
The workflow instance started. : workflow instance ID = [U:zJr5xzOwEemoF7segDpRsQ]
18.02.2019 20:10:05,60
The workflow instance started. : workflow instance ID = [U:MnZOGzOyEemoF7segDpRsQ]
18.02.2019 20:20:05,98
The workflow instance started. : workflow instance ID = [U:mENxETOzEemoF7segDpRsQ]
18.02.2019 20:30:06,18
The workflow instance started. : workflow instance ID = [U:_YFM4DO0EemoF7segDpRsQ]
18.02.2019 20:40:05,53
The workflow instance started. : workflow instance ID = [U:Y1pWszO2EemoF7segDpRsQ]
18.02.2019 20:50:05,91
The workflow instance started. : workflow instance ID = [U:yoXRuDO3EemoF7segDpRsQ]
18.02.2019 21:00:08,72
The workflow instance started. : workflow instance ID = [U:LlSzgTO5EemoF7segDpRsQ]
18.02.2019 21:10:05,45
The workflow instance started. : workflow instance ID = [U:lDJSSjO6EemoF7segDpRsQ]
18.02.2019 21:20:05,86
The workflow instance started. : workflow instance ID = [U:-Z9TVDO7EemoF7segDpRsQ]
18.02.2019 21:30:05,46
The workflow instance started. : workflow instance ID = [U:X2wBLjO9EemoF7segDpRsQ]
18.02.2019 21:40:05,80
The workflow instance started. : workflow instance ID = [U:xbl4LDO-EemoF7segDpRsQ]
18.02.2019 21:50:06,96
The workflow instance started. : workflow instance ID = [U:K-M6oTPAEemoF7segDpRsQ]
18.02.2019 22:00:08,40
The workflow instance started. : workflow instance ID = [U:kGv3DzPBEemoF7segDpRsQ]
18.02.2019 22:10:06,05
The workflow instance started. : workflow instance ID = [U:9i0yrTPCEemoF7segDpRsQ]
18.02.2019 22:20:06,24
The workflow instance started. : workflow instance ID = [U:XC6tEjPEEemoF7segDpRsQ]
18.02.2019 22:30:06,81
The workflow instance started. : workflow instance ID = [U:wjmb5zPFEemoF7segDpRsQ]
18.02.2019 22:40:07,57
The workflow instance started. : workflow instance ID = [U:J6mrNTPHEemoF7segDpRsQ]
18.02.2019 22:50:07,23
The workflow instance started. : workflow instance ID = [U:lRe31DR4EemoF7segDpRsQ]
19.02.2019 20:00:11,89
The workflow instance started. : workflow instance ID = [U:9wThJTR5EemoF7segDpRsQ]
19.02.2019 20:10:05,57
The workflow instance started. : workflow instance ID = [U:XPgDQjR7EemoF7segDpRsQ]
19.02.2019 20:20:06,09
The workflow instance started. : workflow instance ID = [U:wq-i7zR8EemoF7segDpRsQ]
19.02.2019 20:30:06,21
The workflow instance started. : workflow instance ID = [U:KBOj9zR-EemoF7segDpRsQ]
19.02.2019 20:40:05,89
The workflow instance started. : workflow instance ID = [U:jgum9jR_EemoF7segDpRsQ]
19.02.2019 20:50:06,37
The workflow instance started. : workflow instance ID = [U:9UV5azSAEemoF7segDpRsQ]
19.02.2019 21:00:09,16
The workflow instance started. : workflow instance ID = [U:WPCAjTSCEemoF7segDpRsQ]
19.02.2019 21:10:05,76
The workflow instance started. : workflow instance ID = [U:vnOhzTSDEemoF7segDpRsQ]
19.02.2019 21:20:05,68
The workflow instance started. : workflow instance ID = [U:JHUcQDSFEemoF7segDpRsQ]
19.02.2019 21:30:06,25
The workflow instance started. : workflow instance ID = [U:ic-m1jSGEemoF7segDpRsQ]
19.02.2019 21:40:05,77
The workflow instance started. : workflow instance ID = [U:78xlVDSHEemoF7segDpRsQ]
19.02.2019 21:50:06,34
The workflow instance started. : workflow instance ID = [U:V0QrrTSJEemoF7segDpRsQ]
19.02.2019 22:00:09,57
The workflow instance started. : workflow instance ID = [U:-lP4ajUwEemoF7segDpRsQ]
20.02.2019 18:00:09,08
The workflow instance started. : workflow instance ID = [U:Xi7BJjUyEemoF7segDpRsQ]
20.02.2019 18:10:05,97
The workflow instance started. : workflow instance ID = [U:w-F-azUzEemoF7segDpRsQ]
20.02.2019 18:20:06,07
The workflow instance started. : workflow instance ID = [U:KX7fSzU1EemoF7segDpRsQ]
20.02.2019 18:30:06,08
The workflow instance started. : workflow instance ID = [U:j0cgZDU2EemoF7segDpRsQ]
20.02.2019 18:40:06,32
The workflow instance started. : workflow instance ID = [U:9LS-uzU3EemoF7segDpRsQ]
20.02.2019 18:50:06,06
The workflow instance started. : workflow instance ID = [U:W1nx0jU5EemoF7segDpRsQ]
20.02.2019 19:00:08,16
The workflow instance started. : workflow instance ID = [U:v5JEXDU6EemoF7segDpRsQ]
20.02.2019 19:10:05,33
The workflow instance started. : workflow instance ID = [U:Jah-0DU8EemoF7segDpRsQ]
20.02.2019 19:20:06,12
The workflow instance started. : workflow instance ID = [U:ixOEpDU9EemoF7segDpRsQ]
20.02.2019 19:30:05,76
The workflow instance started. : workflow instance ID = [U:8PEi8jU-EemoF7segDpRsQ]
20.02.2019 19:40:06,15
The workflow instance started. : workflow instance ID = [U:Vpgf0jVAEemoF7segDpRsQ]
20.02.2019 19:50:06,19
The workflow instance started. : workflow instance ID = [U:vd3ZOTVBEemoF7segDpRsQ]
20.02.2019 20:00:09,09
The workflow instance started. : workflow instance ID = [U:IXNccTVDEemoF7segDpRsQ]
20.02.2019 20:10:05,58
The workflow instance started. : workflow instance ID = [U:h0eEaTVEEemoF7segDpRsQ]
20.02.2019 20:20:05,93
The workflow instance started. : workflow instance ID = [U:7O6CQjVFEemoF7segDpRsQ]
20.02.2019 20:30:05,94
The workflow instance started. : workflow instance ID = [U:UrbC2TVHEemoF7segDpRsQ]
20.02.2019 20:40:06,20
The workflow instance started. : workflow instance ID = [U:uDdziDVIEemoF7segDpRsQ]
20.02.2019 20:50:05,95
The workflow instance started. : workflow instance ID = [U:HvxkjjVKEemoF7segDpRsQ]
20.02.2019 21:00:08,05
The workflow instance started. : workflow instance ID = [U:gzaL2jVLEemoF7segDpRsQ]
20.02.2019 21:10:05,57
The workflow instance started. : workflow instance ID = [U:6PLmhzVMEemoF7segDpRsQ]
20.02.2019 21:20:05,71
The workflow instance started. : workflow instance ID = [U:TrGKGzVOEemoF7segDpRsQ]
20.02.2019 21:30:05,89
The workflow instance started. : workflow instance ID = [U:tEVNsjVPEemoF7segDpRsQ]
20.02.2019 21:40:05,82
The workflow instance started. : workflow instance ID = [U:GeBkoTVREemoF7segDpRsQ]
20.02.2019 21:50:05,77
The workflow instance started. : workflow instance ID = [U:gK7LGzVSEemoF7segDpRsQ]
20.02.2019 22:00:07,95
The workflow instance started. : workflow instance ID = [U:5Rr_XDVTEemoF7segDpRsQ]
20.02.2019 22:10:05,82
The workflow instance started. : workflow instance ID = [U:SwSqozVVEemoF7segDpRsQ]
20.02.2019 22:20:06,18
The workflow instance started. : workflow instance ID = [U:sFzrxTVWEemoF7segDpRsQ]
20.02.2019 22:30:05,77
The workflow instance started. : workflow instance ID = [U:Fi6jKzVYEemoF7segDpRsQ]
20.02.2019 22:40:06,09
The workflow instance started. : workflow instance ID = [U:e28WjjVZEemoF7segDpRsQ]
20.02.2019 22:50:05,48
The workflow instance started. : workflow instance ID = [U:JMP5OjX6EemoF7segDpRsQ]
21.02.2019 18:00:09,22
The workflow instance started. : workflow instance ID = [U:iDqp3zX7EemoF7segDpRsQ]
21.02.2019 18:10:05,35
The workflow instance started. : workflow instance ID = [U:7iHkJTX8EemoF7segDpRsQ]
21.02.2019 18:20:05,80
The workflow instance started. : workflow instance ID = [U:U7gZpzX-EemoF7segDpRsQ]
21.02.2019 18:30:05,74
The workflow instance started. : workflow instance ID = [U:uYxBDTX_EemoF7segDpRsQ]
21.02.2019 18:40:06,16
The workflow instance started. : workflow instance ID = [U:HycwgDYBEemoF7segDpRsQ]
21.02.2019 18:50:06,03
The workflow instance started. : workflow instance ID = [U:hfgvfzYCEemoF7segDpRsQ]
21.02.2019 19:00:08,29
The workflow instance started. : workflow instance ID = [U:6jvMKjYDEemoF7segDpRsQ]
21.02.2019 19:10:05,84
The workflow instance started. : workflow instance ID = [U:T_pxTzYFEemoF7segDpRsQ]
21.02.2019 19:20:05,96
The workflow instance started. : workflow instance ID = [U:tejXYDYGEemoF7segDpRsQ]
21.02.2019 19:30:06,47
The workflow instance started. : workflow instance ID = [U:G3C0GjYIEemoF7segDpRsQ]
21.02.2019 19:40:06,39
The workflow instance started. : workflow instance ID = [U:gMaEsjYJEemoF7segDpRsQ]
21.02.2019 19:50:05,80
The workflow instance started. : workflow instance ID = [U:59C8OjYKEemoF7segDpRsQ]
21.02.2019 20:00:08,43
The workflow instance started. : workflow instance ID = [U:S_eplDYMEemoF7segDpRsQ]
21.02.2019 20:10:05,71
The workflow instance started. : workflow instance ID = [U:sYaxqDYNEemoF7segDpRsQ]
21.02.2019 20:20:05,59
The workflow instance started. : workflow instance ID = [U:FzwG7TYPEemoF7segDpRsQ]
21.02.2019 20:30:05,74
The workflow instance started. : workflow instance ID = [U:fM1Z_DYQEemoF7segDpRsQ]
21.02.2019 20:40:05,75
The workflow instance started. : workflow instance ID = [U:4mX__TYREemoF7segDpRsQ]
21.02.2019 20:50:05,57
The workflow instance started. : workflow instance ID = [U:SYpOtTYTEemoF7segDpRsQ]
21.02.2019 21:00:08,27
The workflow instance started. : workflow instance ID = [U:rd60HjYUEemoF7segDpRsQ]
21.02.2019 21:10:05,90
The workflow instance started. : workflow instance ID = [U:E1zz5jYWEemoF7segDpRsQ]
21.02.2019 21:20:05,76
The workflow instance started. : workflow instance ID = [U:eRSTkTYXEemoF7segDpRsQ]
21.02.2019 21:30:05,86
The workflow instance started. : workflow instance ID = [U:3qOcuTYYEemoF7segDpRsQ]
21.02.2019 21:40:05,84
The workflow instance started. : workflow instance ID = [U:REgpGTYaEemoF7segDpRsQ]
21.02.2019 21:50:05,78
The workflow instance started. : workflow instance ID = [U:q27BLTYbEemoF7segDpRsQ]
21.02.2019 22:00:08,56
The workflow instance started. : workflow instance ID = [U:D5XVnDYdEemoF7segDpRsQ]
21.02.2019 22:10:05,88
The workflow instance started. : workflow instance ID = [U:dSYXOTYeEemoF7segDpRsQ]
21.02.2019 22:20:05,82
The workflow instance started. : workflow instance ID = [U:2q7evDYfEemoF7segDpRsQ]
21.02.2019 22:30:05,57
The workflow instance started. : workflow instance ID = [U:QMOSIzYhEemoF7segDpRsQ]
21.02.2019 22:40:06,36
The workflow instance started. : workflow instance ID = [U:pjN5YjYiEemoF7segDpRsQ]
21.02.2019 22:50:06,01
The workflow instance started. : workflow instance ID = [U:Tqr1XTbDEemoF7segDpRsQ]
22.02.2019 18:00:08,34
The workflow instance started. : workflow instance ID = [U:stIJzTbEEemoF7segDpRsQ]
22.02.2019 18:10:05,62
The workflow instance started. : workflow instance ID = [U:GF6g6jbGEemoF7segDpRsQ]
22.02.2019 18:20:05,49
The workflow instance started. : workflow instance ID = [U:fgMtzDbHEemoF7segDpRsQ]
22.02.2019 18:30:05,54
The workflow instance started. : workflow instance ID = [U:49dVwzbIEemoF7segDpRsQ]
22.02.2019 18:40:05,90
The workflow instance started. : workflow instance ID = [U:STRSQTbKEemoF7segDpRsQ]
22.02.2019 18:50:05,45
The workflow instance started. : workflow instance ID = [U:sD6JOjbLEemoF7segDpRsQ]
22.02.2019 19:00:07,90
The workflow instance started. : workflow instance ID = [U:FJxknDbNEemoF7segDpRsQ]
22.02.2019 19:10:05,70
The workflow instance started. : workflow instance ID = [U:ejmekjbOEemoF7segDpRsQ]
22.02.2019 19:20:05,65
The workflow instance started. : workflow instance ID = [U:39JEEzbPEemoF7segDpRsQ]
22.02.2019 19:30:05,60
The workflow instance started. : workflow instance ID = [U:RZEPuTbREemoF7segDpRsQ]
22.02.2019 19:40:05,79
The workflow instance started. : workflow instance ID = [U:q2LGmzbSEemoF7segDpRsQ]
22.02.2019 19:50:06,10
The workflow instance started. : workflow instance ID = [U:EmNhGjbUEemoF7segDpRsQ]
22.02.2019 20:00:08,77
The workflow instance started. : workflow instance ID = [U:dpsW5DbVEemoF7segDpRsQ]
22.02.2019 20:10:06,10
The workflow instance started. : workflow instance ID = [U:2_zN-TbWEemoF7segDpRsQ]
22.02.2019 20:20:05,63
The workflow instance started. : workflow instance ID = [U:QfmM6TbYEemoF7segDpRsQ]
22.02.2019 20:30:06,25
The workflow instance started. : workflow instance ID = [U:p2vl0jbZEemoF7segDpRsQ]
22.02.2019 20:40:05,96
The workflow instance started. : workflow instance ID = [U:DJ4ByTbbEemoF7segDpRsQ]
22.02.2019 20:50:05,23
The workflow instance started. : workflow instance ID = [U:czzMQDbcEemoF7segDpRsQ]
22.02.2019 21:00:07,44
The workflow instance started. : workflow instance ID = [U:2EszejbdEemoF7segDpRsQ]
22.02.2019 21:10:05,91
The workflow instance started. : workflow instance ID = [U:Pb2MzjbfEemoF7segDpRsQ]
22.02.2019 21:20:05,67
The workflow instance started. : workflow instance ID = [U:o1YyUjbgEemoF7segDpRsQ]
22.02.2019 21:30:05,57
The workflow instance started. : workflow instance ID = [U:CRTV8jbiEemoF7segDpRsQ]
22.02.2019 21:40:05,79
The workflow instance started. : workflow instance ID = [U:brbx0zbjEemoF7segDpRsQ]
22.02.2019 21:50:05,77
The workflow instance started. : workflow instance ID = [U:1bVB6TbkEemoF7segDpRsQ]
22.02.2019 22:00:08,26
The workflow instance started. : workflow instance ID = [U:Ob02EjbmEemoF7segDpRsQ]
22.02.2019 22:10:05,40
The workflow instance started. : workflow instance ID = [U:n7n0qTbnEemoF7segDpRsQ]
22.02.2019 22:20:06,03
The workflow instance started. : workflow instance ID = [U:BN23wjbpEemoF7segDpRsQ]
22.02.2019 22:30:05,18
The workflow instance started. : workflow instance ID = [U:asA4GTbqEemoF7segDpRsQ]
22.02.2019 22:40:05,64
The workflow instance started. : workflow instance ID = [U:0Ih5GDbrEemoF7segDpRsQ]
22.02.2019 22:50:05,86
The workflow instance started. : workflow instance ID = [U:zrtjSTkeEemDY9LWOyXdrg]
25.02.2019 18:00:10,67
The workflow instance started. : workflow instance ID = [U:Meo1nTkgEemDY9LWOyXdrg]
25.02.2019 18:10:05,37
The workflow instance started. : workflow instance ID = [U:l-qdkDkhEemDY9LWOyXdrg]
25.02.2019 18:20:06,02
The workflow instance started. : workflow instance ID = [U:_XJToDkiEemDY9LWOyXdrg]
25.02.2019 18:30:05,87
The workflow instance started. : workflow instance ID = [U:YuYzBTkkEemDY9LWOyXdrg]
25.02.2019 18:40:05,56
The workflow instance started. : workflow instance ID = [U:yGz9szklEemDY9LWOyXdrg]
25.02.2019 18:50:05,41
The workflow instance started. : workflow instance ID = [U:L086njknEemDY9LWOyXdrg]
25.02.2019 19:00:07,89
The workflow instance started. : workflow instance ID = [U:k74GfzkoEemDY9LWOyXdrg]
25.02.2019 19:10:05,57
The workflow instance started. : workflow instance ID = [U:-X28aDkpEemDY9LWOyXdrg]
25.02.2019 19:20:05,73
The workflow instance started. : workflow instance ID = [U:Xx9iojkrEemDY9LWOyXdrg]
25.02.2019 19:30:05,70
The workflow instance started. : workflow instance ID = [U:xLL_fTksEemDY9LWOyXdrg]
25.02.2019 19:40:05,70
The workflow instance started. : workflow instance ID = [U:KnPF6zkuEemDY9LWOyXdrg]
25.02.2019 19:50:05,84
The workflow instance started. : workflow instance ID = [U:kR9jADkvEemDY9LWOyXdrg]
25.02.2019 20:00:07,83
The workflow instance started. : workflow instance ID = [U:9ZYdlzkwEemDY9LWOyXdrg]
25.02.2019 20:10:05,64
The workflow instance started. : workflow instance ID = [U:WzdOijkyEemDY9LWOyXdrg]
25.02.2019 20:20:05,63
The workflow instance started. : workflow instance ID = [U:wLMdujkzEemDY9LWOyXdrg]
25.02.2019 20:30:05,36
The workflow instance started. : workflow instance ID = [U:JsM9lTk1EemDY9LWOyXdrg]
25.02.2019 20:40:06,24
The workflow instance started. : workflow instance ID = [U:jBn4HTk2EemDY9LWOyXdrg]
25.02.2019 20:50:05,77
The workflow instance started. : workflow instance ID = [U:8qFq2Dk3EemDY9LWOyXdrg]
25.02.2019 21:00:08,08
The workflow instance started. : workflow instance ID = [U:V17K6jk5EemDY9LWOyXdrg]
25.02.2019 21:10:05,65
The workflow instance started. : workflow instance ID = [U:vNpy8zk6EemDY9LWOyXdrg]
25.02.2019 21:20:05,43
The workflow instance started. : workflow instance ID = [U:IspgtDk8EemDY9LWOyXdrg]
25.02.2019 21:30:05,95
The workflow instance started. : workflow instance ID = [U:iEyX-Tk9EemDY9LWOyXdrg]
25.02.2019 21:40:05,73
The workflow instance started. : workflow instance ID = [U:7gzqNzk-EemDY9LWOyXdrg]
25.02.2019 21:50:05,99
The workflow instance started. : workflow instance ID = [U:VFhk7DlAEemDY9LWOyXdrg]
25.02.2019 22:00:07,57
The workflow instance started. : workflow instance ID = [U:uTKcRDlBEemDY9LWOyXdrg]
25.02.2019 22:10:05,81
The workflow instance started. : workflow instance ID = [U:Hu2XPTlDEemDY9LWOyXdrg]
25.02.2019 22:20:05,92
The workflow instance started. : workflow instance ID = [U:hKX5xzlEEemDY9LWOyXdrg]
25.02.2019 22:30:06,11
The workflow instance started. : workflow instance ID = [U:6lOuUjlFEemDY9LWOyXdrg]
25.02.2019 22:40:06,18
The workflow instance started. : workflow instance ID = [U:T3EwajlHEemDY9LWOyXdrg]
25.02.2019 22:50:05,30
The workflow instance started. : workflow instance ID = [U:vdXR5zn4EemDY9LWOyXdrg]
26.02.2019 20:00:12,18
The workflow instance started. : workflow instance ID = [U:IFxVEDn6EemDY9LWOyXdrg]
26.02.2019 20:10:06,25
The workflow instance started. : workflow instance ID = [U:hdBb-Tn7EemDY9LWOyXdrg]
26.02.2019 20:20:05,95
The workflow instance started. : workflow instance ID = [U:661dgzn8EemDY9LWOyXdrg]
26.02.2019 20:30:06,35
The workflow instance started. : workflow instance ID = [U:URKXXjn-EemDY9LWOyXdrg]
26.02.2019 20:40:06,00
The workflow instance started. : workflow instance ID = [U:ttcvXDn_EemDY9LWOyXdrg]
26.02.2019 20:50:06,21
The workflow instance started. : workflow instance ID = [U:HhoCYToBEemDY9LWOyXdrg]
26.02.2019 21:00:09,06
The workflow instance started. : workflow instance ID = [U:gb0ZSDoCEemDY9LWOyXdrg]
26.02.2019 21:10:05,61
The workflow instance started. : workflow instance ID = [U:57k8ezoDEemDY9LWOyXdrg]
26.02.2019 21:20:06,23
The workflow instance started. : workflow instance ID = [U:TP1_7DoFEemDY9LWOyXdrg]
26.02.2019 21:30:05,55
The workflow instance started. : workflow instance ID = [U:syDZpzoGEemDY9LWOyXdrg]
26.02.2019 21:40:06,42
The workflow instance started. : workflow instance ID = [U:GHSG7zoIEemDY9LWOyXdrg]
26.02.2019 21:50:05,93
The workflow instance started. : workflow instance ID = [U:f1TvGjoJEemDY9LWOyXdrg]
26.02.2019 22:00:08,29
The workflow instance started. : workflow instance ID = [U:C8NUdjrbEemDY9LWOyXdrg]
27.02.2019 23:00:09,32
The workflow instance started. : workflow instance ID = [U:Nter3TukEemDY9LWOyXdrg]
28.02.2019 23:00:09,79
The workflow instance started. : workflow instance ID = [U:Lnjr6jxpEemDY9LWOyXdrg]
01.03.2019 22:30:06,50
The workflow instance started. : workflow instance ID = [U:WRBLuT0yEemDY9LWOyXdrg]
02.03.2019 22:30:06,73
The workflow instance started. : workflow instance ID = [U:g7CEpj37EemDY9LWOyXdrg]
03.03.2019 22:30:07,07
The workflow instance started. : workflow instance ID = [U:rfYbVT7EEemDY9LWOyXdrg]
04.03.2019 22:30:06,85
The workflow instance started. : workflow instance ID = [U:2dRSrz-NEemDY9LWOyXdrg]
05.03.2019 22:30:09,25
The workflow instance started. : workflow instance ID = [U:AzhigUBXEemDY9LWOyXdrg]
06.03.2019 22:30:07,60
The workflow instance started. : workflow instance ID = [U:LT5XxkEgEemDY9LWOyXdrg]
07.03.2019 22:30:06,94
The workflow instance started. : workflow instance ID = [U:V9pyLUHpEemDY9LWOyXdrg]
08.03.2019 22:30:07,25
The workflow instance started. : workflow instance ID = [U:gdBhoUKyEemDY9LWOyXdrg]
09.03.2019 22:30:06,45
The workflow instance started. : workflow instance ID = [U:rI7RaUN7EemDY9LWOyXdrg]
10.03.2019 22:30:07,06
The workflow instance started. : workflow instance ID = [U:1o9vTEREEemDY9LWOyXdrg]
11.03.2019 22:30:06,31
The workflow instance started. : workflow instance ID = [U:Ap7wtkUOEemDY9LWOyXdrg]
12.03.2019 22:30:09,19
The workflow instance started. : workflow instance ID = [U:K9mmFUXXEemDY9LWOyXdrg]
13.03.2019 22:30:07,16
The workflow instance started. : workflow instance ID = [U:VlQIgkagEemDY9LWOyXdrg]
14.03.2019 22:30:07,29
The workflow instance started. : workflow instance ID = [U:gDo_w0dpEemDY9LWOyXdrg]
15.03.2019 22:30:06,35
The workflow instance started. : workflow instance ID = [U:qxScdkgyEemDY9LWOyXdrg]
16.03.2019 22:30:07,12
[ICMD_10033] Command [startworkflow] failed with error [[WorkflowSvcCmd_10003] Could not connect to the Workflow Service Module. : Workflow Service Module = [DIS_MOLLER_PROD] : error = [[JSF_0058] Service [DIS_MOLLER_PROD] is disabled in domain [Domain_MOLLER_PROD].].].
17.03.2019 22:30:06,71
The workflow instance started. : workflow instance ID = [U:_31MdknEEemTtYzY5I3jxw]
18.03.2019 22:30:07,37
The workflow instance started. : workflow instance ID = [U:LBnx2EqOEemTtYzY5I3jxw]
19.03.2019 22:30:10,20
The workflow instance started. : workflow instance ID = [U:VPoFPktXEemTtYzY5I3jxw]
20.03.2019 22:30:07,58
The workflow instance started. : workflow instance ID = [U:ftq-00wgEemTtYzY5I3jxw]
21.03.2019 22:30:06,69
The workflow instance started. : workflow instance ID = [U:qbEjdkzpEemTtYzY5I3jxw]
22.03.2019 22:30:07,52
The workflow instance started. : workflow instance ID = [U:09cjcE2yEemTtYzY5I3jxw]
23.03.2019 22:30:06,97
The workflow instance started. : workflow instance ID = [U:_fZFmk57EemTtYzY5I3jxw]
24.03.2019 22:30:06,46
The workflow instance started. : workflow instance ID = [U:KLtFhU9FEemTtYzY5I3jxw]
25.03.2019 22:30:07,19
The workflow instance started. : workflow instance ID = [U:VLrn9FAOEemTtYzY5I3jxw]
26.03.2019 22:30:09,65
The workflow instance started. : workflow instance ID = [U:faTlUVDXEemTtYzY5I3jxw]
27.03.2019 22:30:07,20
The workflow instance started. : workflow instance ID = [U:p7138VGgEemTtYzY5I3jxw]
28.03.2019 22:30:06,69
The workflow instance started. : workflow instance ID = [U:0luOUFJpEemTtYzY5I3jxw]
29.03.2019 22:30:07,00
The workflow instance started. : workflow instance ID = [U:_MMEsFMyEemTtYzY5I3jxw]
30.03.2019 22:30:07,08
The workflow instance started. : workflow instance ID = [U:xZwW-FPzEemTtYzY5I3jxw]
31.03.2019 22:30:07,27
The workflow instance started. : workflow instance ID = [U:78wChFS8EemTtYzY5I3jxw]
01.04.2019 22:30:07,02
The workflow instance started. : workflow instance ID = [U:G963blWGEemTtYzY5I3jxw]
02.04.2019 22:30:09,70
The workflow instance started. : workflow instance ID = [U:RHWMXFZPEemTtYzY5I3jxw]
03.04.2019 22:30:06,68
The workflow instance started. : workflow instance ID = [U:bw38w1cYEemTtYzY5I3jxw]
04.04.2019 22:30:06,94
The workflow instance started. : workflow instance ID = [U:mWLVW1fhEemTtYzY5I3jxw]
05.04.2019 22:30:06,84
The workflow instance started. : workflow instance ID = [U:xAZCz1iqEemTtYzY5I3jxw]
06.04.2019 22:30:07,19
The workflow instance started. : workflow instance ID = [U:7p0G0llzEemRcLjdgubpAQ]
07.04.2019 22:30:08,74
The workflow instance started. : workflow instance ID = [U:GQ0H-Fo9EemRcLjdgubpAQ]
08.04.2019 22:30:07,53
The workflow instance started. : workflow instance ID = [U:RNzAs1sGEemRcLjdgubpAQ]
09.04.2019 22:30:09,98
The workflow instance started. : workflow instance ID = [U:bhY90lvPEemRcLjdgubpAQ]
10.04.2019 22:30:07,81
The workflow instance started. : workflow instance ID = [U:mGil0VyYEemRcLjdgubpAQ]
11.04.2019 22:30:07,72
The workflow instance started. : workflow instance ID = [U:wyvQoF1hEemRcLjdgubpAQ]
12.04.2019 22:30:08,28
The workflow instance started. : workflow instance ID = [U:7TpQt14qEemRcLjdgubpAQ]
13.04.2019 22:30:07,96
The workflow instance started. : workflow instance ID = [U:F65wl170EemRcLjdgubpAQ]
14.04.2019 22:30:07,71
The workflow instance started. : workflow instance ID = [U:Qf-gGV-9EemRcLjdgubpAQ]
15.04.2019 22:30:07,65
The workflow instance started. : workflow instance ID = [U:bZToL2CGEemRcLjdgubpAQ]
16.04.2019 22:30:09,92
The workflow instance started. : workflow instance ID = [U:l0xuRGFPEemRcLjdgubpAQ]
17.04.2019 22:30:08,44
The workflow instance started. : workflow instance ID = [U:wS6vEmIYEemRcLjdgubpAQ]
18.04.2019 22:30:07,89
The workflow instance started. : workflow instance ID = [U:68Q6n2LhEemRcLjdgubpAQ]
19.04.2019 22:30:07,76
The workflow instance started. : workflow instance ID = [U:FktF32OrEemRcLjdgubpAQ]
20.04.2019 22:30:08,00
The workflow instance started. : workflow instance ID = [U:QFOFKGR0EemRcLjdgubpAQ]
21.04.2019 22:30:07,30
The workflow instance started. : workflow instance ID = [U:avGbmmU9EemRcLjdgubpAQ]
22.04.2019 22:30:07,71
The workflow instance started. : workflow instance ID = [U:luOpOWYGEemRcLjdgubpAQ]
23.04.2019 22:30:10,38
The workflow instance started. : workflow instance ID = [U:v2dEK2bPEemRcLjdgubpAQ]
24.04.2019 22:30:07,31
The workflow instance started. : workflow instance ID = [U:6qv6v2eYEem4xKaqhOU70g]
25.04.2019 22:30:10,86
The workflow instance started. : workflow instance ID = [U:FJq-R2hiEem4xKaqhOU70g]
26.04.2019 22:30:07,71
The workflow instance started. : workflow instance ID = [U:PvTHAGkrEem4xKaqhOU70g]
27.04.2019 22:30:07,59
The workflow instance started. : workflow instance ID = [U:aYBmf2n0Eem4xKaqhOU70g]
28.04.2019 22:30:07,87
The workflow instance started. : workflow instance ID = [U:k67LqWq9Eem4xKaqhOU70g]
29.04.2019 22:30:07,43
The workflow instance started. : workflow instance ID = [U:v2H7smuGEem4xKaqhOU70g]
30.04.2019 22:30:09,80
The workflow instance started. : workflow instance ID = [U:6MZZv2xPEem4xKaqhOU70g]
01.05.2019 22:30:08,00
Started workflow [wf_Batch_Customer_Status] with instance ID [FNL0NG0ZEemThXQAEYfAZQ].
02.05.2019 22:30:10,37
Started workflow [wf_Batch_Customer_Status] with instance ID [QDTPxW3iEem-PgEUCxUC7A].
03.05.2019 22:30:12,12
Started workflow [wf_Batch_Customer_Status] with instance ID [ag1L626rEem-PgEUCxUC7A].
04.05.2019 22:30:11,07
Started workflow [wf_Batch_Customer_Status] with instance ID [lC1ZAm90Eem-PgEUCxUC7A].
05.05.2019 22:30:10,60
Started workflow [wf_Batch_Customer_Status] with instance ID [vlj-3nA9Eem-PgEUCxUC7A].
06.05.2019 22:30:10,19
Started workflow [wf_Batch_Customer_Status] with instance ID [7B8I3HEGEem-PgEUCxUC7A].
07.05.2019 22:30:15,94
Started workflow [wf_Batch_Customer_Status] with instance ID [Ey555HHQEem-PgEUCxUC7A].
08.05.2019 22:30:10,19
Started workflow [wf_Batch_Customer_Status] with instance ID [PZ8_V3KZEem-PgEUCxUC7A].
09.05.2019 22:30:10,24
Started workflow [wf_Batch_Customer_Status] with instance ID [aF_RXHNiEem-PgEUCxUC7A].
10.05.2019 22:30:10,83
Started workflow [wf_Batch_Customer_Status] with instance ID [kpsu4HQrEem-PgEUCxUC7A].
11.05.2019 22:30:10,51
Started workflow [wf_Batch_Customer_Status] with instance ID [vJ_ErXT0Eem-PgEUCxUC7A].
12.05.2019 22:30:09,85
Started workflow [wf_Batch_Customer_Status] with instance ID [5xLS4nW9Eem-PgEUCxUC7A].
13.05.2019 22:30:09,90
Started workflow [wf_Batch_Customer_Status] with instance ID [FZ1lqXaHEem-PgEUCxUC7A].
14.05.2019 22:30:16,83
Started workflow [wf_Batch_Customer_Status] with instance ID [O_3SiHdQEem-PgEUCxUC7A].
15.05.2019 22:30:10,03
Started workflow [wf_Batch_Customer_Status] with instance ID [ZpRIW3gZEem-PgEUCxUC7A].
16.05.2019 22:30:10,37
Started workflow [wf_Batch_Customer_Status] with instance ID [kOkgdHjiEem-PgEUCxUC7A].
17.05.2019 22:30:10,23
Started workflow [wf_Batch_Customer_Status] with instance ID [u0dHuXmrEem-PgEUCxUC7A].
18.05.2019 22:30:10,13
Started workflow [wf_Batch_Customer_Status] with instance ID [5aLXOHp0Eem-PgEUCxUC7A].
19.05.2019 22:30:10,05
Started workflow [wf_Batch_Customer_Status] with instance ID [EA5EVHs-Eem-PgEUCxUC7A].
20.05.2019 22:30:10,06
Started workflow [wf_Batch_Customer_Status] with instance ID [Pl1VkHwHEem-PgEUCxUC7A].
21.05.2019 22:30:16,77
Started workflow [wf_Batch_Customer_Status] with instance ID [aLmnzHzQEem-PgEUCxUC7A].
22.05.2019 22:30:16,50
Started workflow [wf_Batch_Customer_Status] with instance ID [j1fgyn2ZEem-PgEUCxUC7A].
23.05.2019 22:30:10,22
Started workflow [wf_Batch_Customer_Status] with instance ID [ucHIK35iEem-PgEUCxUC7A].
24.05.2019 22:30:10,14
Started workflow [wf_Batch_Customer_Status] with instance ID [5DDe2n8rEem-PgEUCxUC7A].
25.05.2019 22:30:10,20
Started workflow [wf_Batch_Customer_Status] with instance ID [DpMk9n_1Eem-PgEUCxUC7A].
26.05.2019 22:30:10,14
Started workflow [wf_Batch_Customer_Status] with instance ID [OPbJ-IC-Eem-PgEUCxUC7A].
27.05.2019 22:30:10,09
Started workflow [wf_Batch_Customer_Status] with instance ID [aj_gp4GHEem-PgEUCxUC7A].
28.05.2019 22:30:22,66
Started workflow [wf_Batch_Customer_Status] with instance ID [jeYP2YJQEem-PgEUCxUC7A].
29.05.2019 22:30:10,27
Started workflow [wf_Batch_Customer_Status] with instance ID [uFCS4IMZEem-PgEUCxUC7A].
30.05.2019 22:30:10,27
Started workflow [wf_Batch_Customer_Status] with instance ID [4ohGUoPiEem-PgEUCxUC7A].
31.05.2019 22:30:09,93
Started workflow [wf_Batch_Customer_Status] with instance ID [DSvbHoSsEem-PgEUCxUC7A].
01.06.2019 22:30:10,33
Started workflow [wf_Batch_Customer_Status] with instance ID [OELyjIV1EemJ30J5mtXNug].
02.06.2019 22:30:11,50
Started workflow [wf_Batch_Customer_Status] with instance ID [YelirIY-EemJ30J5mtXNug].
03.06.2019 22:30:10,18
Started workflow [wf_Batch_Customer_Status] with instance ID [j3loUYcHEemJ30J5mtXNug].
04.06.2019 22:30:15,51
Started workflow [wf_Batch_Customer_Status] with instance ID [tvGG6IfQEemJ30J5mtXNug].
05.06.2019 22:30:10,57
Started workflow [wf_Batch_Customer_Status] with instance ID [4VfE5oiZEemJ30J5mtXNug].
06.06.2019 22:30:10,52
Started workflow [wf_Batch_Customer_Status] with instance ID [C8wyz4ljEemJ30J5mtXNug].
07.06.2019 22:30:10,60
Started workflow [wf_Batch_Customer_Status] with instance ID [NlBYbIosEemJ30J5mtXNug].
08.06.2019 22:30:10,74
Started workflow [wf_Batch_Customer_Status] with instance ID [YGnWCIr1EemJ30J5mtXNug].
09.06.2019 22:30:10,24
Started workflow [wf_Batch_Customer_Status] with instance ID [ivqlhIu-EemJ30J5mtXNug].
10.06.2019 22:30:10,52
Started workflow [wf_Batch_Customer_Status] with instance ID [uZG7XoyHEemJ30J5mtXNug].
11.06.2019 22:30:17,61
Started workflow [wf_Batch_Customer_Status] with instance ID [3_GMAI1QEemJ30J5mtXNug].
12.06.2019 22:30:10,70
Started workflow [wf_Batch_Customer_Status] with instance ID [CpITqI4aEemJ30J5mtXNug].
13.06.2019 22:30:11,07
Started workflow [wf_Batch_Customer_Status] with instance ID [NNR1aY7jEemJ30J5mtXNug].
14.06.2019 22:30:10,81
Started workflow [wf_Batch_Customer_Status] with instance ID [XwhYIo-sEemJ30J5mtXNug].
15.06.2019 22:30:10,45
Started workflow [wf_Batch_Customer_Status] with instance ID [iZehYpB1EemJ30J5mtXNug].
16.06.2019 22:30:10,69
Started workflow [wf_Batch_Customer_Status] with instance ID [s_sgeZE-EemJ30J5mtXNug].
17.06.2019 22:30:10,65
Started workflow [wf_Batch_Customer_Status] with instance ID [4Q1rKpIHEemJ30J5mtXNug].
18.06.2019 22:30:15,24
Started workflow [wf_Batch_Customer_Status] with instance ID [CNPQL5LREemJ30J5mtXNug].
19.06.2019 22:30:10,71
Started workflow [wf_Batch_Customer_Status] with instance ID [Mz7IdZOaEemJ30J5mtXNug].
20.06.2019 22:30:10,70
Started workflow [wf_Batch_Customer_Status] with instance ID [XaBzB5RjEemJ30J5mtXNug].
21.06.2019 22:30:10,65
Started workflow [wf_Batch_Customer_Status] with instance ID [h-tf1ZUsEemJ30J5mtXNug].
22.06.2019 22:30:10,44
Started workflow [wf_Batch_Customer_Status] with instance ID [smTX45X1EemJ30J5mtXNug].
23.06.2019 22:30:10,54
Started workflow [wf_Batch_Customer_Status] with instance ID [3NcjMpa-EemJ30J5mtXNug].
24.06.2019 22:30:10,60
Started workflow [wf_Batch_Customer_Status] with instance ID [CtV7TpeIEemJ30J5mtXNug].
25.06.2019 22:30:16,69
Started workflow [wf_Batch_Customer_Status] with instance ID [Me7YQ5hREemJ30J5mtXNug].
26.06.2019 22:30:11,05
Started workflow [wf_Batch_Customer_Status] with instance ID [XGpK9pkaEemJ30J5mtXNug].
27.06.2019 22:30:11,18
Started workflow [wf_Batch_Customer_Status] with instance ID [hraYZpnjEemJ30J5mtXNug].
28.06.2019 22:30:10,98
Started workflow [wf_Batch_Customer_Status] with instance ID [sUCxHJqsEemJ30J5mtXNug].
29.06.2019 22:30:11,20
Started workflow [wf_Batch_Customer_Status] with instance ID [25xAcJt1EemJ30J5mtXNug].
30.06.2019 22:30:11,10
Started workflow [wf_Batch_Customer_Status] with instance ID [Bdiuspw_EemJ30J5mtXNug].
01.07.2019 22:30:10,80
Started workflow [wf_Batch_Customer_Status] with instance ID [NKr5e50IEemJ30J5mtXNug].
02.07.2019 22:30:18,36
Started workflow [wf_Batch_Customer_Status] with instance ID [WsOHFJ3REemJ30J5mtXNug].
03.07.2019 22:30:10,96
Started workflow [wf_Batch_Customer_Status] with instance ID [hUcRKp6aEemJ30J5mtXNug].
04.07.2019 22:30:11,13
Started workflow [wf_Batch_Customer_Status] with instance ID [r2L_Ep9jEemJ30J5mtXNug].
05.07.2019 22:30:10,61
Started workflow [wf_Batch_Customer_Status] with instance ID [2iwdJ6AsEemJ30J5mtXNug].
06.07.2019 22:30:11,25
Started workflow [wf_Batch_Customer_Status] with instance ID [BHTnUaD2EemJ30J5mtXNug].
07.07.2019 22:30:11,02
Started workflow [wf_Batch_Customer_Status] with instance ID [LwL49qG_EemJ30J5mtXNug].
08.07.2019 22:30:11,27
Started workflow [wf_Batch_Customer_Status] with instance ID [XHKmCaKIEemJ30J5mtXNug].
09.07.2019 22:30:16,53
Started workflow [wf_Batch_Customer_Status] with instance ID [g1RQoaNREemJ30J5mtXNug].
10.07.2019 22:30:10,44
Started workflow [wf_Batch_Customer_Status] with instance ID [rUNiJaQaEemJ30J5mtXNug].
11.07.2019 22:30:09,65
Started workflow [wf_Batch_Customer_Status] with instance ID [2DpGzaTjEemJ30J5mtXNug].
12.07.2019 22:30:10,58
Started workflow [wf_Batch_Customer_Status] with instance ID [AnUHl6WtEemJ30J5mtXNug].
13.07.2019 22:30:10,22
Started workflow [wf_Batch_Customer_Status] with instance ID [LQU7rKZ2Eemd9ku6th7-Vg].
14.07.2019 22:30:10,52
Started workflow [wf_Batch_Customer_Status] with instance ID [V0PMsqc_Eemd9ku6th7-Vg].
15.07.2019 22:30:10,22
Started workflow [wf_Batch_Customer_Status] with instance ID [hNzTKagIEemd9ku6th7-Vg].
16.07.2019 22:30:15,64
Started workflow [wf_Batch_Customer_Status] with instance ID [rBWe46jREemd9ku6th7-Vg].
17.07.2019 22:30:10,17
Started workflow [wf_Batch_Customer_Status] with instance ID [1pM09amaEemd9ku6th7-Vg].
18.07.2019 22:30:10,32
Started workflow [wf_Batch_Customer_Status] with instance ID [AUObMqpkEemd9ku6th7-Vg].
19.07.2019 22:30:10,79
Started workflow [wf_Batch_Customer_Status] with instance ID [K40ogastEemd9ku6th7-Vg].
20.07.2019 22:30:10,56
Started workflow [wf_Batch_Customer_Status] with instance ID [Vdbd6Kv2Eemd9ku6th7-Vg].
21.07.2019 22:30:10,35
Started workflow [wf_Batch_Customer_Status] with instance ID [gLvA6ay_Eemd9ku6th7-Vg].
22.07.2019 22:30:11,17
Started workflow [wf_Batch_Customer_Status] with instance ID [rkMUf62IEemd9ku6th7-Vg].
23.07.2019 22:30:16,65
Started workflow [wf_Batch_Customer_Status] with instance ID [1O1cO65REemd9ku6th7-Vg].
24.07.2019 22:30:10,08
Started workflow [wf_Batch_Customer_Status] with instance ID [_5w7fK8aEemd9ku6th7-Vg].
25.07.2019 22:30:10,60
Started workflow [wf_Batch_Customer_Status] with instance ID [KfM2U6_kEemd9ku6th7-Vg].
26.07.2019 22:30:10,42
Started workflow [wf_Batch_Customer_Status] with instance ID [VDwnvbCtEemd9ku6th7-Vg].
27.07.2019 22:30:10,21
Started workflow [wf_Batch_Customer_Status] with instance ID [fqF7srF2Eemd9ku6th7-Vg].
28.07.2019 22:30:10,17
Started workflow [wf_Batch_Customer_Status] with instance ID [qRSxD7I_Eemd9ku6th7-Vg].
29.07.2019 22:30:10,33
Started workflow [wf_Batch_Customer_Status] with instance ID [1vYzELMIEemd9ku6th7-Vg].
30.07.2019 22:30:16,12
Started workflow [wf_Batch_Customer_Status] with instance ID [_cL2BrPREemd9ku6th7-Vg].
31.07.2019 22:30:10,01
Started workflow [wf_Batch_Customer_Status] with instance ID [KF3_H7SbEemd9ku6th7-Vg].
01.08.2019 22:30:10,33
Started workflow [wf_Batch_Customer_Status] with instance ID [Usm7FrVkEemd9ku6th7-Vg].
02.08.2019 22:30:10,33
Started workflow [wf_Batch_Customer_Status] with instance ID [fRv7prYtEemd9ku6th7-Vg].
03.08.2019 22:30:10,20
Started workflow [wf_Batch_Customer_Status] with instance ID [p3n7L7b2Eemd9ku6th7-Vg].
04.08.2019 22:30:10,10
Started workflow [wf_Batch_Customer_Status] with instance ID [0f-nr7e_Eemd9ku6th7-Vg].
05.08.2019 22:30:10,28
Started workflow [wf_Batch_Customer_Status] with instance ID [_5kjm7iIEemd9ku6th7-Vg].
06.08.2019 22:30:15,79
Started workflow [wf_Batch_Customer_Status] with instance ID [Jt3857lSEemd9ku6th7-Vg].
07.08.2019 22:30:10,35
Started workflow [wf_Batch_Customer_Status] with instance ID [UUUla7obEemd9ku6th7-Vg].
08.08.2019 22:30:10,34
Started workflow [wf_Batch_Customer_Status] with instance ID [e6HtQbrkEemd9ku6th7-Vg].
09.08.2019 22:30:10,25
Started workflow [wf_Batch_Customer_Status] with instance ID [pnHo6butEemd9ku6th7-Vg].
10.08.2019 22:30:10,92
Started workflow [wf_Batch_Customer_Status] with instance ID [0Jvg7bx2Eemd9ku6th7-Vg].
11.08.2019 22:30:10,52
Started workflow [wf_Batch_Customer_Status] with instance ID [-uI5tb0_Eemd9ku6th7-Vg].
12.08.2019 22:30:10,27
Started workflow [wf_Batch_Customer_Status] with instance ID [KOhbNL4JEemd9ku6th7-Vg].
13.08.2019 22:30:16,39
Started workflow [wf_Batch_Customer_Status] with instance ID [T7RaeL7SEemd9ku6th7-Vg].
14.08.2019 22:30:10,27
Started workflow [wf_Batch_Customer_Status] with instance ID [ehFwxr-bEemd9ku6th7-Vg].
15.08.2019 22:30:10,17
Started workflow [wf_Batch_Customer_Status] with instance ID [pFhmYMBkEemd9ku6th7-Vg].
16.08.2019 22:30:09,96
Started workflow [wf_Batch_Customer_Status] with instance ID [ztTD1sEtEemd9ku6th7-Vg].
17.08.2019 22:30:10,07
Started workflow [wf_Batch_Customer_Status] with instance ID [-Vk3kcH2Eemd9ku6th7-Vg].
18.08.2019 22:30:10,25
Started workflow [wf_Batch_Customer_Status] with instance ID [I9CMc8LAEemd9ku6th7-Vg].
19.08.2019 22:30:10,35
Started workflow [wf_Batch_Customer_Status] with instance ID [VHEuAsOJEemd9ku6th7-Vg].
20.08.2019 22:30:21,00
Started workflow [wf_Batch_Customer_Status] with instance ID [eN7ye8RSEemd9ku6th7-Vg].
21.08.2019 22:30:10,74
Started workflow [wf_Batch_Customer_Status] with instance ID [o23t_cUbEemd9ku6th7-Vg].
22.08.2019 22:30:11,07
Started workflow [wf_Batch_Customer_Status] with instance ID [zc43qcXkEemd9ku6th7-Vg].
23.08.2019 22:30:11,00
Started workflow [wf_Batch_Customer_Status] with instance ID [976pK8atEemd9ku6th7-Vg].
24.08.2019 22:30:10,18
Started workflow [wf_Batch_Customer_Status] with instance ID [IvMyu8d3EemDTnrKIrnszA].
25.08.2019 22:30:11,52
Started workflow [wf_Batch_Customer_Status] with instance ID [THvib8hAEemDTnrKIrnszA].
26.08.2019 22:30:10,04
Started workflow [wf_Batch_Customer_Status] with instance ID [eg-4eskJEemDTnrKIrnszA].
27.08.2019 22:30:15,78
Started workflow [wf_Batch_Customer_Status] with instance ID [oS7hYcnSEemDTnrKIrnszA].
28.08.2019 22:30:09,76
Started workflow [wf_Batch_Customer_Status] with instance ID [y67pR8qbEemDTnrKIrnszA].
29.08.2019 22:30:09,94
Started workflow [wf_Batch_Customer_Status] with instance ID [9fpL1stkEemDTnrKIrnszA].
30.08.2019 22:30:09,70
Started workflow [wf_Batch_Customer_Status] with instance ID [IHDc2swuEemDTnrKIrnszA].
31.08.2019 22:30:09,82
Started workflow [wf_Batch_Customer_Status] with instance ID [Sry0e8z3EemDTnrKIrnszA].
01.09.2019 22:30:09,57
Started workflow [wf_Batch_Customer_Status] with instance ID [dWfDLs3AEemDTnrKIrnszA].
02.09.2019 22:30:10,04
Started workflow [wf_Batch_Customer_Status] with instance ID [osrsus6JEemDTnrKIrnszA].
03.09.2019 22:30:15,17
Started workflow [wf_Batch_Customer_Status] with instance ID [ykVU1s9SEemDTnrKIrnszA].
04.09.2019 22:30:10,09
Started workflow [wf_Batch_Customer_Status] with instance ID [9HgnONAbEemDTnrKIrnszA].
05.09.2019 22:30:09,71
Started workflow [wf_Batch_Customer_Status] with instance ID [HtVjztDlEemDTnrKIrnszA].
06.09.2019 22:30:09,64
Started workflow [wf_Batch_Customer_Status] with instance ID [3R4C19HDEemDTnrKIrnszA].
08.09.2019  1:04:37,15
Started workflow [wf_Batch_Customer_Status] with instance ID [0wRg_NHGEemDTnrKIrnszA].
08.09.2019  1:25:48,72
Started workflow [wf_Batch_Customer_Status] with instance ID [niSknNNAEemDTnrKIrnszA].
09.09.2019 22:30:09,75
Started workflow [wf_Batch_Customer_Status] with instance ID [y_HbOtQJEemDTnrKIrnszA].
10.09.2019 22:30:15,69
Started workflow [wf_Batch_Customer_Status] with instance ID [8v9RKNTSEemDTnrKIrnszA].
11.09.2019 22:30:09,80
Started workflow [wf_Batch_Customer_Status] with instance ID [HVRQ5NWcEemDTnrKIrnszA].
12.09.2019 22:30:09,67
Started workflow [wf_Batch_Customer_Status] with instance ID [R9k5-9ZlEemDTnrKIrnszA].
13.09.2019 22:30:09,85
Started workflow [wf_Batch_Customer_Status] with instance ID [clYz79cuEemDTnrKIrnszA].
14.09.2019 22:30:09,97
Started workflow [wf_Batch_Customer_Status] with instance ID [nMsW2Nf3EemLKF2SIonybw].
15.09.2019 22:30:10,08
Started workflow [wf_Batch_Customer_Status] with instance ID [x4Fw3djAEemLKF2SIonybw].
16.09.2019 22:30:10,55
Started workflow [wf_Batch_Customer_Status] with instance ID [9W6x2NmJEemLKF2SIonybw].
17.09.2019 22:30:16,52
Started workflow [wf_Batch_Customer_Status] with instance ID [HCwy9dpTEemLKF2SIonybw].
18.09.2019 22:30:10,27
Started workflow [wf_Batch_Customer_Status] with instance ID [RqJOrNscEemLKF2SIonybw].
19.09.2019 22:30:10,37
Started workflow [wf_Batch_Customer_Status] with instance ID [cSKkLNvlEem93etqfKuvfA].
20.09.2019 22:30:10,55
Started workflow [wf_Batch_Customer_Status] with instance ID [m4U3w9yuEem93etqfKuvfA].
21.09.2019 22:30:10,55
Started workflow [wf_Batch_Customer_Status] with instance ID [xfht6913Eem93etqfKuvfA].
22.09.2019 22:30:10,51
Started workflow [wf_Batch_Customer_Status] with instance ID [8BA9Ut5AEem93etqfKuvfA].
23.09.2019 22:30:09,99
Started workflow [wf_Batch_Customer_Status] with instance ID [HjuZUt8KEem93etqfKuvfA].
24.09.2019 22:30:16,40
Started workflow [wf_Batch_Customer_Status] with instance ID [RWgId9_TEem93etqfKuvfA].
25.09.2019 22:30:10,84
Started workflow [wf_Batch_Customer_Status] with instance ID [b5-UjOCcEem93etqfKuvfA].
26.09.2019 22:30:10,53
Started workflow [wf_Batch_Customer_Status] with instance ID [m9su8eFlEem93etqfKuvfA].
27.09.2019 22:30:13,67
Started workflow [wf_Batch_Customer_Status] with instance ID [xkmqJuIuEem93etqfKuvfA].
28.09.2019 22:30:13,68
Started workflow [wf_Batch_Customer_Status] with instance ID [78kwW-L3Eemcu56yKHGAJg].
29.09.2019 22:30:12,27
Started workflow [wf_Batch_Customer_Status] with instance ID [Gp0kB-PBEemcu56yKHGAJg].
30.09.2019 22:30:12,92
Started workflow [wf_Batch_Customer_Status] with instance ID [SZ8J2-SKEem6cWV3ID7neA].
01.10.2019 22:30:20,81
Started workflow [wf_Batch_Customer_Status] with instance ID [by2AmOVTEem6cWV3ID7neA].
02.10.2019 22:30:12,47
Started workflow [wf_Batch_Customer_Status] with instance ID [md_iUuYcEem6cWV3ID7neA].
03.10.2019 22:30:12,87
Started workflow [wf_Batch_Customer_Status] with instance ID [w8DDP-blEem6cWV3ID7neA].
04.10.2019 22:30:11,97
Started workflow [wf_Batch_Customer_Status] with instance ID [7q-48-euEem6cWV3ID7neA].
05.10.2019 22:30:13,05
Started workflow [wf_Batch_Customer_Status] with instance ID [GTkPeeh4Eem6cWV3ID7neA].
06.10.2019 22:30:13,00
Started workflow [wf_Batch_Customer_Status] with instance ID [Qz1WE-lBEem6cWV3ID7neA].
07.10.2019 22:30:12,45
Started workflow [wf_Batch_Customer_Status] with instance ID [ctsHCOoKEem6cWV3ID7neA].
08.10.2019 22:30:21,45
Started workflow [wf_Batch_Customer_Status] with instance ID [mDMEc-rTEem6cWV3ID7neA].
09.10.2019 22:30:12,62
Started workflow [wf_Batch_Customer_Status] with instance ID [wryoEOucEem6cWV3ID7neA].
10.10.2019 22:30:12,87
Started workflow [wf_Batch_Customer_Status] with instance ID [7TKdyuxlEem6cWV3ID7neA].
11.10.2019 22:30:12,92
Started workflow [wf_Batch_Customer_Status] with instance ID [F1Z6kO0vEem6cWV3ID7neA].
12.10.2019 22:30:12,44
Started workflow [wf_Batch_Customer_Status] with instance ID [QkN0NO34Eem6cWV3ID7neA].
13.10.2019 22:30:13,35
Started workflow [wf_Batch_Customer_Status] with instance ID [bIZLee7BEem7o9fEIuR2vQ].
14.10.2019 22:30:13,10
Started workflow [wf_Batch_Customer_Status] with instance ID [m5nlAe-KEem7o9fEIuR2vQ].
15.10.2019 22:30:21,06
Started workflow [wf_Batch_Customer_Status] with instance ID [wXSmdvBTEem7o9fEIuR2vQ].
16.10.2019 22:30:13,28
Started workflow [wf_Batch_Customer_Status] with instance ID [6ynkJ_EcEem7o9fEIuR2vQ].
17.10.2019 22:30:11,98
Started workflow [wf_Batch_Customer_Status] with instance ID [FiTABfHmEem7o9fEIuR2vQ].
18.10.2019 22:30:12,95
Started workflow [wf_Batch_Customer_Status] with instance ID [QHQas_KvEem7o9fEIuR2vQ].
19.10.2019 22:30:12,76
Started workflow [wf_Batch_Customer_Status] with instance ID [azqgjfN4Eem7o9fEIuR2vQ].
20.10.2019 22:30:13,47
Started workflow [wf_Batch_Customer_Status] with instance ID [lV593fRBEem7o9fEIuR2vQ].
21.10.2019 22:30:12,96
Started workflow [wf_Batch_Customer_Status] with instance ID [xX-OqvUKEem7o9fEIuR2vQ].
22.10.2019 22:30:22,76
Started workflow [wf_Batch_Customer_Status] with instance ID [6f_KHvXTEem7o9fEIuR2vQ].
23.10.2019 22:30:12,62
Started workflow [wf_Batch_Customer_Status] with instance ID [FI7E8fadEem7o9fEIuR2vQ].
24.10.2019 22:30:12,88
Started workflow [wf_Batch_Customer_Status] with instance ID [PvheA_dmEem7o9fEIuR2vQ].
25.10.2019 22:30:12,95
Started workflow [wf_Batch_Customer_Status] with instance ID [aTMe4fgvEem7o9fEIuR2vQ].
26.10.2019 22:30:12,55
Started workflow [wf_Batch_Customer_Status] with instance ID [9a5V1PkAEemb6PoNyEmyPA].
27.10.2019 22:30:13,04
Started workflow [wf_Batch_Customer_Status] with instance ID [H6km6vnKEemb6PoNyEmyPA].
28.10.2019 22:30:12,41
Started workflow [wf_Batch_Customer_Status] with instance ID [TdhTNPqTEemb6PoNyEmyPA].
29.10.2019 22:30:18,82
Started workflow [wf_Batch_Customer_Status] with instance ID [dCyyv_tcEemb6PoNyEmyPA].
30.10.2019 22:30:11,83
Started workflow [wf_Batch_Customer_Status] with instance ID [ntisF_wlEemb6PoNyEmyPA].
31.10.2019 22:30:12,26
Started workflow [wf_Batch_Customer_Status] with instance ID [ySdCiPzuEemb6PoNyEmyPA].
01.11.2019 22:30:12,09
Started workflow [wf_Batch_Customer_Status] with instance ID [81uaJP23Eemb6PoNyEmyPA].
02.11.2019 22:30:11,73
Started workflow [wf_Batch_Customer_Status] with instance ID [HdyzZ_6BEemb6PoNyEmyPA].
03.11.2019 22:30:11,90
Started workflow [wf_Batch_Customer_Status] with instance ID [SHs_Ef9KEemb6PoNyEmyPA].
04.11.2019 22:30:12,28
Started workflow [wf_Batch_Customer_Status] with instance ID [dnXGtAATEeqb6PoNyEmyPA].
05.11.2019 22:30:18,47
Started workflow [wf_Batch_Customer_Status] with instance ID [nWyAGwDcEeqb6PoNyEmyPA].
06.11.2019 22:30:12,42
Started workflow [wf_Batch_Customer_Status] with instance ID [x60NIgGlEeqb6PoNyEmyPA].
07.11.2019 22:30:12,22
Started workflow [wf_Batch_Customer_Status] with instance ID [8kOpzQJuEeqb6PoNyEmyPA].
08.11.2019 22:30:12,43
Started workflow [wf_Batch_Customer_Status] with instance ID [HLE55AM4Eeqb6PoNyEmyPA].
09.11.2019 22:30:12,49
Started workflow [wf_Batch_Customer_Status] with instance ID [RvZbCwQBEeqb6PoNyEmyPA].
10.11.2019 22:30:12,23
Started workflow [wf_Batch_Customer_Status] with instance ID [cXwujwTKEeqb6PoNyEmyPA].
11.11.2019 22:30:12,40
Started workflow [wf_Batch_Customer_Status] with instance ID [oKWZLgWTEeqb6PoNyEmyPA].
12.11.2019 22:30:20,55
Started workflow [wf_Batch_Customer_Status] with instance ID [xqeSzwZcEeqb6PoNyEmyPA].
13.11.2019 22:30:12,94
Started workflow [wf_Batch_Customer_Status] with instance ID [8Z0_TAclEeqb6PoNyEmyPA].
14.11.2019 22:30:13,97
Started workflow [wf_Batch_Customer_Status] with instance ID [G-YwFgfvEeqb6PoNyEmyPA].
15.11.2019 22:30:13,71
Started workflow [wf_Batch_Customer_Status] with instance ID [RifPSQi4Eeqb6PoNyEmyPA].
16.11.2019 22:30:13,49
Started workflow [wf_Batch_Customer_Status] with instance ID [cD2iSwmBEeqb6PoNyEmyPA].
17.11.2019 22:30:12,93
Started workflow [wf_Batch_Customer_Status] with instance ID [msEFmwpKEeqb6PoNyEmyPA].
18.11.2019 22:30:13,14
Started workflow [wf_Batch_Customer_Status] with instance ID [zLr1VAsTEeqb6PoNyEmyPA].
19.11.2019 22:30:26,06
Started workflow [wf_Batch_Customer_Status] with instance ID [79U4DQvcEeqb6PoNyEmyPA].
20.11.2019 22:30:13,44
Started workflow [wf_Batch_Customer_Status] with instance ID [GhdyiAymEeqb6PoNyEmyPA].
21.11.2019 22:30:13,35
Started workflow [wf_Batch_Customer_Status] with instance ID [RIheDQ1vEeqb6PoNyEmyPA].
22.11.2019 22:30:13,23
Started workflow [wf_Batch_Customer_Status] with instance ID [bxOJMg44Eeqb6PoNyEmyPA].
23.11.2019 22:30:13,53
Started workflow [wf_Batch_Customer_Status] with instance ID [mSogDg8BEeqb6PoNyEmyPA].
24.11.2019 22:30:12,98
Started workflow [wf_Batch_Customer_Status] with instance ID [xBgq7Q_KEeqb6PoNyEmyPA].
25.11.2019 22:30:13,95
Started workflow [wf_Batch_Customer_Status] with instance ID [8my6NBCTEeqb6PoNyEmyPA].
26.11.2019 22:30:20,59
Started workflow [wf_Batch_Customer_Status] with instance ID [GAlh_RFdEeqb6PoNyEmyPA].
27.11.2019 22:30:12,37
Started workflow [wf_Batch_Customer_Status] with instance ID [QqxZoBImEeqb6PoNyEmyPA].
28.11.2019 22:30:12,73
Started workflow [wf_Batch_Customer_Status] with instance ID [baPa_xLvEeqb6PoNyEmyPA].
29.11.2019 22:30:13,69
Started workflow [wf_Batch_Customer_Status] with instance ID [l8I5thO4Eeqb6PoNyEmyPA].
30.11.2019 22:30:13,18
Started workflow [wf_Batch_Customer_Status] with instance ID [wsXJJBSBEeqRtLd6AoujBw].
01.12.2019 22:30:14,10
Started workflow [wf_Batch_Customer_Status] with instance ID [7HzamRVKEeqRtLd6AoujBw].
02.12.2019 22:30:13,01
Started workflow [wf_Batch_Customer_Status] with instance ID [GeHaBhYUEeqRtLd6AoujBw].
03.12.2019 22:30:18,28
Started workflow [wf_Batch_Customer_Status] with instance ID [QLwxhxbdEeqRtLd6AoujBw].
04.12.2019 22:30:11,98
Started workflow [wf_Batch_Customer_Status] with instance ID [a2eNuBemEeqRtLd6AoujBw].
05.12.2019 22:30:12,43
Started workflow [wf_Batch_Customer_Status] with instance ID [lW8wjhhvEeqRtLd6AoujBw].
06.12.2019 22:30:11,77
Started workflow [wf_Batch_Customer_Status] with instance ID [wF-tFxk4EeqRtLd6AoujBw].
07.12.2019 22:30:12,67
Started workflow [wf_Batch_Customer_Status] with instance ID [6nw3TxoBEeqRtLd6AoujBw].
08.12.2019 22:30:12,14
Started workflow [wf_Batch_Customer_Status] with instance ID [FPuiMRrLEeqRtLd6AoujBw].
09.12.2019 22:30:12,30
Started workflow [wf_Batch_Customer_Status] with instance ID [Qv62OBuUEeqRtLd6AoujBw].
10.12.2019 22:30:18,49
Started workflow [wf_Batch_Customer_Status] with instance ID [ahFbbRxdEeqRtLd6AoujBw].
11.12.2019 22:30:12,74
Started workflow [wf_Batch_Customer_Status] with instance ID [k_vZLR0mEeqRtLd6AoujBw].
12.12.2019 22:30:11,90
Started workflow [wf_Batch_Customer_Status] with instance ID [vkNrPR3vEeqRtLd6AoujBw].
13.12.2019 22:30:11,65
Started workflow [wf_Batch_Customer_Status] with instance ID [6MeQ5R64EeqRtLd6AoujBw].
14.12.2019 22:30:11,83
Started workflow [wf_Batch_Customer_Status] with instance ID [E3qPVB-CEeqRtLd6AoujBw].
15.12.2019 22:30:12,36
Started workflow [wf_Batch_Customer_Status] with instance ID [PcP1gCBLEeqRtLd6AoujBw].
16.12.2019 22:30:12,11
Started workflow [wf_Batch_Customer_Status] with instance ID [bLD0ECEUEeqRtLd6AoujBw].
17.12.2019 22:30:19,86
Started workflow [wf_Batch_Customer_Status] with instance ID [k0nWWCHdEeqRtLd6AoujBw].
18.12.2019 22:30:13,33
Started workflow [wf_Batch_Customer_Status] with instance ID [vZJSBSKmEeqRtLd6AoujBw].
19.12.2019 22:30:13,09
Started workflow [wf_Batch_Customer_Status] with instance ID [544ONyNvEeqRtLd6AoujBw].
20.12.2019 22:30:12,37
Started workflow [wf_Batch_Customer_Status] with instance ID [Ejar5CQ5EeqRtLd6AoujBw].
21.12.2019 22:30:12,79
Started workflow [wf_Batch_Customer_Status] with instance ID [PJp49SUCEeqRtLd6AoujBw].
22.12.2019 22:30:12,73
Started workflow [wf_Batch_Customer_Status] with instance ID [Z0AJjyXLEeqRtLd6AoujBw].
23.12.2019 22:30:13,11
Started workflow [wf_Batch_Customer_Status] with instance ID [lZsACyaUEeqRtLd6AoujBw].
24.12.2019 22:30:19,90
Started workflow [wf_Batch_Customer_Status] with instance ID [u9xMuiddEeqRtLd6AoujBw].
25.12.2019 22:30:12,74
Started workflow [wf_Batch_Customer_Status] with instance ID [5ncHkSgmEeqRtLd6AoujBw].
26.12.2019 22:30:13,05
Started workflow [wf_Batch_Customer_Status] with instance ID [EPeEUSjwEeqRtLd6AoujBw].
27.12.2019 22:30:13,27
Started workflow [wf_Batch_Customer_Status] with instance ID [OxOZjim5EeqRtLd6AoujBw].
28.12.2019 22:30:12,66
Started workflow [wf_Batch_Customer_Status] with instance ID [ZXcXfiqCEeqRtLd6AoujBw].
29.12.2019 22:30:12,73
Started workflow [wf_Batch_Customer_Status] with instance ID [kNqhPStLEeqRtLd6AoujBw].
30.12.2019 22:30:14,37
Started workflow [wf_Batch_Customer_Status] with instance ID [vsoFcywUEeqRtLd6AoujBw].
31.12.2019 22:30:20,35
Started workflow [wf_Batch_Customer_Status] with instance ID [5NKOJizdEeqRtLd6AoujBw].
01.01.2020 22:30:12,86
Started workflow [wf_Batch_Customer_Status] with instance ID [Dzm19i2nEeqRtLd6AoujBw].
02.01.2020 22:30:12,87
Started workflow [wf_Batch_Customer_Status] with instance ID [OX4T-i5wEeqRtLd6AoujBw].
03.01.2020 22:30:12,71
Started workflow [wf_Batch_Customer_Status] with instance ID [Y7axei85EeqRtLd6AoujBw].
04.01.2020 22:30:12,28
Started workflow [wf_Batch_Customer_Status] with instance ID [jlXZqTACEeqRtLd6AoujBw].
05.01.2020 22:30:12,64
Started workflow [wf_Batch_Customer_Status] with instance ID [uOKKpjDLEeqRtLd6AoujBw].
06.01.2020 22:30:12,90
Started workflow [wf_Batch_Customer_Status] with instance ID [59j-SDGUEeqRtLd6AoujBw].
07.01.2020 22:30:20,82
Started workflow [wf_Batch_Customer_Status] with instance ID [DYiRdzJeEeqRtLd6AoujBw].
08.01.2020 22:30:12,55
Started workflow [wf_Batch_Customer_Status] with instance ID [N9IfgzMnEeqRtLd6AoujBw].
09.01.2020 22:30:12,39
Started workflow [wf_Batch_Customer_Status] with instance ID [Yn_tejPwEeqRtLd6AoujBw].
10.01.2020 22:30:12,81
Started workflow [wf_Batch_Customer_Status] with instance ID [jOzhqTS5EeqRtLd6AoujBw].
11.01.2020 22:30:12,84
Started workflow [wf_Batch_Customer_Status] with instance ID [t-HLNDWCEeqZqawnEusbKg].
12.01.2020 22:30:13,89
Started workflow [wf_Batch_Customer_Status] with instance ID [4WndWTZLEeqZqawnEusbKg].
13.01.2020 22:30:12,26
Started workflow [wf_Batch_Customer_Status] with instance ID [D9-JEzcVEeqZqawnEusbKg].
14.01.2020 22:30:19,20
Started workflow [wf_Batch_Customer_Status] with instance ID [NrFU-TfeEeqZqawnEusbKg].
15.01.2020 22:30:12,99
Started workflow [wf_Batch_Customer_Status] with instance ID [YMN_BDinEeqZqawnEusbKg].
16.01.2020 22:30:12,44
Started workflow [wf_Batch_Customer_Status] with instance ID [i4dFpjlwEeqZqawnEusbKg].
17.01.2020 22:30:13,02
Started workflow [wf_Batch_Customer_Status] with instance ID [td-g9Do5EeqZqawnEusbKg].
18.01.2020 22:30:12,92
Started workflow [wf_Batch_Customer_Status] with instance ID [4BPSUDsCEeqZqawnEusbKg].
19.01.2020 22:30:12,56
Started workflow [wf_Batch_Customer_Status] with instance ID [Cnaz7TvMEeqZqawnEusbKg].
20.01.2020 22:30:12,50
Started workflow [wf_Batch_Customer_Status] with instance ID [OfhRRzyVEeqZqawnEusbKg].
21.01.2020 22:30:21,70
Started workflow [wf_Batch_Customer_Status] with instance ID [X2LsZD1eEeqZqawnEusbKg].
22.01.2020 22:30:12,69
Started workflow [wf_Batch_Customer_Status] with instance ID [ieadEj4nEeqZqawnEusbKg].
23.01.2020 22:30:12,88
Started workflow [wf_Batch_Customer_Status] with instance ID [tFQtSz7wEeqZqawnEusbKg].
24.01.2020 22:30:12,87
Started workflow [wf_Batch_Customer_Status] with instance ID [3kzboz-5EeqZqawnEusbKg].
25.01.2020 22:30:12,16
Started workflow [wf_Batch_Customer_Status] with instance ID [CJ0g0kCDEeqZqawnEusbKg].
26.01.2020 22:30:12,09
Started workflow [wf_Batch_Customer_Status] with instance ID [M6n-Y0FMEeqZqawnEusbKg].
27.01.2020 22:30:13,03
Started workflow [wf_Batch_Customer_Status] with instance ID [YilGjUIVEeqZqawnEusbKg].
28.01.2020 22:30:19,90
Started workflow [wf_Batch_Customer_Status] with instance ID [iBJgskLeEeqZqawnEusbKg].
29.01.2020 22:30:12,33
Started workflow [wf_Batch_Customer_Status] with instance ID [ssq1XUOnEeqZqawnEusbKg].
30.01.2020 22:30:12,84
Started workflow [wf_Batch_Customer_Status] with instance ID [3QYTF0RwEeqZqawnEusbKg].
31.01.2020 22:30:12,56
Started workflow [wf_Batch_Customer_Status] with instance ID [BzxABkU6EeqZqawnEusbKg].
01.02.2020 22:30:12,20
Started workflow [wf_Batch_Customer_Status] with instance ID [ManQikYDEeqZqawnEusbKg].
02.02.2020 22:30:12,24
Started workflow [wf_Batch_Customer_Status] with instance ID [XD4iQEbMEeqZqawnEusbKg].
03.02.2020 22:30:12,51
Started workflow [wf_Batch_Customer_Status] with instance ID [i3BASUeVEeqZqawnEusbKg].
04.02.2020 22:30:20,77
Started workflow [wf_Batch_Customer_Status] with instance ID [sOsvUUheEeqZqawnEusbKg].
05.02.2020 22:30:12,29
Started workflow [wf_Batch_Customer_Status] with instance ID [235I5kknEeqZqawnEusbKg].
06.02.2020 22:30:12,57
Started workflow [wf_Batch_Customer_Status] with instance ID [BdI2tUnxEeqZqawnEusbKg].
07.02.2020 22:30:12,39
Started workflow [wf_Batch_Customer_Status] with instance ID [L_Ziukq6EeqZqawnEusbKg].
08.02.2020 22:30:11,92
Started workflow [wf_Batch_Customer_Status] with instance ID [WsjPq0uDEeqstqxCg7pqAQ].
09.02.2020 22:30:12,82
Started workflow [wf_Batch_Customer_Status] with instance ID [hH4MekxMEeqstqxCg7pqAQ].
10.02.2020 22:30:11,47
Started workflow [wf_Batch_Customer_Status] with instance ID [sfl5f00VEeqstqxCg7pqAQ].
11.02.2020 22:30:17,12
Started workflow [wf_Batch_Customer_Status] with instance ID [2abYw03eEeqstqxCg7pqAQ].
12.02.2020 22:30:12,01
Started workflow [wf_Batch_Customer_Status] with instance ID [A-Uby06oEeqstqxCg7pqAQ].
13.02.2020 22:30:11,72
Started workflow [wf_Batch_Customer_Status] with instance ID [NG3vM09xEeqstqxCg7pqAQ].
14.02.2020 22:30:22,08
Started workflow [wf_Batch_Customer_Status] with instance ID [WTL7cVA6EeqstqxCg7pqAQ].
15.02.2020 22:30:12,55
Started workflow [wf_Batch_Customer_Status] with instance ID [g0inwVEDEeqstqxCg7pqAQ].
16.02.2020 22:30:11,99
Started workflow [wf_Batch_Customer_Status] with instance ID [r30V3lHMEeqstqxCg7pqAQ].
17.02.2020 22:30:15,04
Started workflow [wf_Batch_Customer_Status] with instance ID [3BeYdlKVEeqstqxCg7pqAQ].
18.02.2020 22:30:18,71
Started workflow [wf_Batch_Customer_Status] with instance ID [Apu53FNfEeqstqxCg7pqAQ].
19.02.2020 22:30:12,10
Started workflow [wf_Batch_Customer_Status] with instance ID [LZXSyVQoEeqstqxCg7pqAQ].
20.02.2020 22:30:13,06
Started workflow [wf_Batch_Customer_Status] with instance ID [VvzwoFTxEeqstqxCg7pqAQ].
21.02.2020 22:30:11,36
Started workflow [wf_Batch_Customer_Status] with instance ID [go8DNlW6EeqstqxCg7pqAQ].
22.02.2020 22:30:13,32
Started workflow [wf_Batch_Customer_Status] with instance ID [rCCLpVaDEeqstqxCg7pqAQ].
23.02.2020 22:30:11,93
Started workflow [wf_Batch_Customer_Status] with instance ID [1tdbAVdMEeqstqxCg7pqAQ].
24.02.2020 22:30:12,40
Started workflow [wf_Batch_Customer_Status] with instance ID [BIKxY1gWEeqstqxCg7pqAQ].
25.02.2020 22:30:18,05
Started workflow [wf_Batch_Customer_Status] with instance ID [K6Yfe1jfEeqstqxCg7pqAQ].
26.02.2020 22:30:12,34
Started workflow [wf_Batch_Customer_Status] with instance ID [VgKY-FmoEeqstqxCg7pqAQ].
27.02.2020 22:30:12,27
Started workflow [wf_Batch_Customer_Status] with instance ID [gHwRMFpxEeqstqxCg7pqAQ].
28.02.2020 22:30:12,49
Started workflow [wf_Batch_Customer_Status] with instance ID [qqW6CFs6EeqstqxCg7pqAQ].
29.02.2020 22:30:12,02
Started workflow [wf_Batch_Customer_Status] with instance ID [1c-WGFwDEeqstqxCg7pqAQ].
01.03.2020 22:30:13,23
Started workflow [wf_Batch_Customer_Status] with instance ID [AIBKclzNEeqstqxCg7pqAQ].
02.03.2020 22:30:13,72
Started workflow [wf_Batch_Customer_Status] with instance ID [NmzRHV2WEeqstqxCg7pqAQ].
03.03.2020 22:30:33,85
Started workflow [wf_Batch_Customer_Status] with instance ID [VOEyIl5fEeqstqxCg7pqAQ].
04.03.2020 22:30:12,94
Started workflow [wf_Batch_Customer_Status] with instance ID [fyMfB18oEeqstqxCg7pqAQ].
05.03.2020 22:30:12,70
Started workflow [wf_Batch_Customer_Status] with instance ID [qUjRLl_xEeqstqxCg7pqAQ].
06.03.2020 22:30:12,24
Started workflow [wf_Batch_Customer_Status] with instance ID [1C9iJ2C6EeqstqxCg7pqAQ].
07.03.2020 22:30:13,04
Started workflow [wf_Batch_Customer_Status] with instance ID [_yChhGGDEeqIDuN1AnM1nA].
08.03.2020 22:30:13,99
Started workflow [wf_Batch_Customer_Status] with instance ID [KNdlA2JNEeqIDuN1AnM1nA].
09.03.2020 22:30:12,84
Started workflow [wf_Batch_Customer_Status] with instance ID [Vq78BGMWEeqIDuN1AnM1nA].
10.03.2020 22:30:18,66
Started workflow [wf_Batch_Customer_Status] with instance ID [fnKiCWPfEeqIDuN1AnM1nA].
11.03.2020 22:30:14,07
Started workflow [wf_Batch_Customer_Status] with instance ID [p883yGSoEeqIDuN1AnM1nA].
12.03.2020 22:30:12,30
Started workflow [wf_Batch_Customer_Status] with instance ID [0usxVGVxEeqIDuN1AnM1nA].
13.03.2020 22:30:13,54
Started workflow [wf_Batch_Customer_Status] with instance ID [_VCrgmY6EeqIDuN1AnM1nA].
14.03.2020 22:30:13,50
Started workflow [wf_Batch_Customer_Status] with instance ID [J5aP_mcEEeqIDuN1AnM1nA].
15.03.2020 22:30:13,34
Started workflow [wf_Batch_Customer_Status] with instance ID [UfZk5WfNEeqIDuN1AnM1nA].
16.03.2020 22:30:13,18
Started workflow [wf_Batch_Customer_Status] with instance ID [gLYRdGiWEeq9Hd6oyRny2Q].
17.03.2020 22:30:22,07
Started workflow [wf_Batch_Customer_Status] with instance ID [puGLDmlfEeq9Hd6oyRny2Q].
18.03.2020 22:30:13,32
Started workflow [wf_Batch_Customer_Status] with instance ID [0Q9T-2ooEeq9Hd6oyRny2Q].
19.03.2020 22:30:12,92
Started workflow [wf_Batch_Customer_Status] with instance ID [-9qU72rxEeq9Hd6oyRny2Q].
20.03.2020 22:30:13,55
Started workflow [wf_Batch_Customer_Status] with instance ID [JkfXemu7Eeq9Hd6oyRny2Q].
21.03.2020 22:30:13,56
Started workflow [wf_Batch_Customer_Status] with instance ID [T98FEGyEEeq9Hd6oyRny2Q].
22.03.2020 22:30:12,18
Started workflow [wf_Batch_Customer_Status] with instance ID [epKe521NEeq9Hd6oyRny2Q].
23.03.2020 22:30:12,67
Started workflow [wf_Batch_Customer_Status] with instance ID [qP6GSG4WEeq9Hd6oyRny2Q].
24.03.2020 22:30:19,50
Started workflow [wf_Batch_Customer_Status] with instance ID [z6YOZG7fEeq9Hd6oyRny2Q].
25.03.2020 22:30:13,09
Started workflow [wf_Batch_Customer_Status] with instance ID [-cB2IW-oEeq9Hd6oyRny2Q].
26.03.2020 22:30:12,59
Started workflow [wf_Batch_Customer_Status] with instance ID [JMhKRXByEeq9Hd6oyRny2Q].
27.03.2020 22:30:13,61
Started workflow [wf_Batch_Customer_Status] with instance ID [T4MQSXE7Eeq9Hd6oyRny2Q].
28.03.2020 22:30:14,21
Started workflow [wf_Batch_Customer_Status] with instance ID [GeXQO3H8Eeq3ui3pGthy8A].
29.03.2020 22:30:17,69
Started workflow [wf_Batch_Customer_Status] with instance ID [QO6yA3LFEeq3ui3pGthy8A].
30.03.2020 22:30:11,42
Started workflow [wf_Batch_Customer_Status] with instance ID [b05jxnOOEeq3ui3pGthy8A].
31.03.2020 22:30:18,38
Started workflow [wf_Batch_Customer_Status] with instance ID [lZyBrHRXEeq3ui3pGthy8A].
01.04.2020 22:30:11,16
Started workflow [wf_Batch_Customer_Status] with instance ID [wBJPq3UgEeq3ui3pGthy8A].
02.04.2020 22:30:11,22
Started workflow [wf_Batch_Customer_Status] with instance ID [6nmeXnXpEeq3ui3pGthy8A].
03.04.2020 22:30:11,19
Started workflow [wf_Batch_Customer_Status] with instance ID [FNqEgXazEeq3ui3pGthy8A].
04.04.2020 22:30:11,15
Started workflow [wf_Batch_Customer_Status] with instance ID [PtMMUHd8Eeq3ui3pGthy8A].
05.04.2020 22:30:10,38
Started workflow [wf_Batch_Customer_Status] with instance ID [biwSX3hFEeqmFbNPHIf78Q].
06.04.2020 22:30:19,22
Started workflow [wf_Batch_Customer_Status] with instance ID [mDIu53kOEeqmFbNPHIf78Q].
07.04.2020 22:30:18,29
Started workflow [wf_Batch_Customer_Status] with instance ID [vtkaGXnXEeqmFbNPHIf78Q].
08.04.2020 22:30:11,75
Started workflow [wf_Batch_Customer_Status] with instance ID [6f8lmHqgEeqmFbNPHIf78Q].
09.04.2020 22:30:12,97
Started workflow [wf_Batch_Customer_Status] with instance ID [FIuJL3tqEeqmFbNPHIf78Q].
10.04.2020 22:30:13,22
Started workflow [wf_Batch_Customer_Status] with instance ID [PZ0MPHwzEeqmFbNPHIf78Q].
11.04.2020 22:30:11,03
Started workflow [wf_Batch_Customer_Status] with instance ID [aUSjUnz8EeqmFbNPHIf78Q].
12.04.2020 22:30:12,98
Started workflow [wf_Batch_Customer_Status] with instance ID [kujv0X3FEeqmFbNPHIf78Q].
13.04.2020 22:30:11,76
Started workflow [wf_Batch_Customer_Status] with instance ID [wSgiXH6OEeqmFbNPHIf78Q].
14.04.2020 22:30:19,86
