Changed database context to 'MDM_CM'.

(14 rows affected)
                                              
----------------------- ----------------------
2019-12-05 12:20:04.197               14.00000

(1 rows affected)

Changed database context to 'MDM_CM'.
ROWID_OBJECT  
--------------
18947378      
19351772      

(2 rows affected)

(2 rows affected)
                                              
----------------------- ----------------------
2019-12-05 13:15:45.863                2.00000

(1 rows affected)
Changed database context to 'MDM_CM'.
ROWID_OBJECT  
--------------
19294292      
19254368      
18947378      
19294304      

(4 rows affected)

(4 rows affected)
                                              
----------------------- ----------------------
2019-12-05 14:15:44.837                4.00000

(1 rows affected)
Changed database context to 'MDM_CM'.
ROWID_OBJECT  
--------------
19274643      
19294649      
19294651      
19254649      
19372067      
18947378      
19294650      

(7 rows affected)

(7 rows affected)
                                              
----------------------- ----------------------
2019-12-06 11:15:47.753                7.00000

(1 rows affected)
Changed database context to 'MDM_CM'.
ROWID_OBJECT  
--------------
18947378      

(1 rows affected)

(1 rows affected)
                                              
----------------------- ----------------------
2019-12-06 12:15:43.963                1.00000

(1 rows affected)
Changed database context to 'MDM_CM'.
ROWID_OBJECT  
--------------
18947378      
19352166      
19352190      

(3 rows affected)

(3 rows affected)
                                              
----------------------- ----------------------
2019-12-06 13:15:44.020                3.00000

(1 rows affected)
Changed database context to 'MDM_CM'.
ROWID_OBJECT  
--------------
19372182      
18947378      

(2 rows affected)

(2 rows affected)
                                              
----------------------- ----------------------
2019-12-06 14:15:45.177                2.00000

(1 rows affected)
Changed database context to 'MDM_CM'.
ROWID_OBJECT  
--------------
19352589      
19255163      
18947378      

(3 rows affected)

(3 rows affected)
                                              
----------------------- ----------------------
2019-12-13 13:15:46.990                3.00000

(1 rows affected)
Changed database context to 'MDM_CM'.
ROWID_OBJECT  
--------------
18947378      

(1 rows affected)

(1 rows affected)
                                              
----------------------- ----------------------
2019-12-13 14:15:44.220                1.00000

(1 rows affected)
Changed database context to 'MDM_CM'.
ROWID_OBJECT  
--------------
18947378      

(1 rows affected)

(1 rows affected)
                                              
----------------------- ----------------------
2019-12-13 15:15:44.203                1.00000

(1 rows affected)
Changed database context to 'MDM_CM'.
ROWID_OBJECT  
--------------
18947378      

(1 rows affected)

(1 rows affected)
                                              
----------------------- ----------------------
2019-12-20 08:15:48.360                1.00000

(1 rows affected)
Changed database context to 'MDM_CM'.
ROWID_OBJECT  
--------------
18947378      

(1 rows affected)

(1 rows affected)
                                              
----------------------- ----------------------
2019-12-20 09:15:45.837                1.00000

(1 rows affected)
Changed database context to 'MDM_CM'.
ROWID_OBJECT  
--------------
18947378      
19259017      
19298972      
19259016      
19376450      
19298969      

(6 rows affected)

(7 rows affected)
                                              
----------------------- ----------------------
2019-12-20 10:15:55.770                6.00000

(1 rows affected)
Changed database context to 'MDM_CM'.
ROWID_OBJECT  
--------------
18947378      

(1 rows affected)

(1 rows affected)
                                              
----------------------- ----------------------
2019-12-27 07:15:46.677                1.00000

(1 rows affected)
Changed database context to 'MDM_CM'.
ROWID_OBJECT  
--------------
18947378      

(1 rows affected)

(1 rows affected)
                                              
----------------------- ----------------------
2019-12-27 08:15:46.433                1.00000

(1 rows affected)
Changed database context to 'MDM_CM'.
ROWID_OBJECT  
--------------
18947378      

(1 rows affected)

(1 rows affected)
                                              
----------------------- ----------------------
2019-12-27 09:15:44.203                1.00000

(1 rows affected)
Changed database context to 'MDM_CM'.
ROWID_OBJECT  
--------------
18947378      
19620568      

(2 rows affected)

(2 rows affected)
                                              
----------------------- ----------------------
2020-01-10 08:15:47.203                2.00000

(1 rows affected)
Changed database context to 'MDM_CM'.
ROWID_OBJECT  
--------------
18947378      

(1 rows affected)

(1 rows affected)
                                              
----------------------- ----------------------
2020-01-10 09:15:43.823                1.00000

(1 rows affected)
Changed database context to 'MDM_CM'.
ROWID_OBJECT  
--------------
18947378      

(1 rows affected)

(1 rows affected)
                                              
----------------------- ----------------------
2020-01-10 10:15:44.133                1.00000

(1 rows affected)
Changed database context to 'MDM_CM'.
ROWID_OBJECT  
--------------
19642688      
19622824      
19700157      
19642924      
19642928      
19662983      
19700363      
19622586      
19662620      
19662636      
19700079      
19720029      
19662727      
19642867      
19720205      
19622897      
19622927      
19642893      
19720342      
19622970      
19642998      
19643018      
19663001      
19700015      
19700064      
19720528      
19720565      
19662682      
19622683      
19622685      
19642696      
19700161      
19700172      
19700205      
19720263      
19623022      
19642821      
19642925      
19643050      
19662616      
19662915      
19700455      
19720472      
19662673      
18947378      
19720033      
19622633      
19622676      
19642714      
19720084      
19622727      
19622922      
19642720      
19700200      
19700225      
19720234      
19720480      
19720482      
19622655      
19623057      
19643079      
19663033      
19663083      
19700405      

(64 rows affected)

(64 rows affected)
                                              
----------------------- ----------------------
2020-01-17 10:15:50.890               64.00000

(1 rows affected)
Changed database context to 'MDM_CM'.
ROWID_OBJECT  
--------------
19642925      
19623022      
19720472      
19643050      
19662616      
19662673      
19700455      
19622683      
19622685      
19642696      
19642821      
19662915      
19700161      
19700172      
19720263      
18947378      
19720480      
19720482      
19623057      
19643079      
19663033      
19700405      
19622633      
19622655      
19622676      
19642714      
19642720      
19720033      
19720084      
19622727      
19622922      
19700200      
19700225      
19720234      
19622970      
19642998      
19663001      
19643018      
19700015      
19720528      
19720565      
19622897      
19642867      
19642893      
19662682      
19662727      
19700064      
19720205      
19720342      
19622927      
19642688      
19622824      
19700157      
19642924      
19642928      
19662983      
19700363      
19622586      
19662620      
19662636      
19700079      
19720029      

(62 rows affected)

(62 rows affected)
                                              
----------------------- ----------------------
2020-01-17 11:15:46.400               62.00000

(1 rows affected)
Changed database context to 'MDM_CM'.
ROWID_OBJECT  
--------------
19662727      
19642867      
19720205      
19622897      
19622927      
19642893      
19720342      
19622970      
19642998      
19643018      
19662682      
19663001      
19700015      
19700064      
19720528      
19720565      
19622683      
19622685      
19642696      
19642821      
19700161      
19700172      
19720263      
19623022      
19642925      
19643050      
19662616      
19662673      
19662915      
19700455      
19720472      
18947378      
19622676      
19642714      
19622727      
19642720      
19700200      
19720234      
19622633      
19622655      
19622922      
19700225      
19720033      
19720084      
19720480      
19623057      
19643079      
19663033      
19700405      
19720482      
19642688      
19622824      
19700157      
19622586      
19662620      
19662636      
19642924      
19642928      
19662983      
19700079      
19700363      
19720029      

(62 rows affected)

(62 rows affected)
                                              
----------------------- ----------------------
2020-01-17 12:15:44.900               62.00000

(1 rows affected)
Changed database context to 'MDM_CM'.
ROWID_OBJECT  
--------------
19662727      
19642867      
19720205      
19622897      
19622927      
19642893      
19720342      
19622970      
19642998      
19643018      
19662682      
19663001      
19700015      
19700064      
19720528      
19720565      
18947378      
19622676      
19642714      
19622727      
19642720      
19700200      
19720234      
19622633      
19622655      
19622922      
19700225      
19720033      
19720084      
19720480      
19623057      
19643079      
19663033      
19700405      
19720482      
19622683      
19622685      
19642696      
19642821      
19700161      
19700172      
19720263      
19623022      
19642925      
19643050      
19662616      
19662673      
19662915      
19700455      
19720472      
19642688      
19622824      
19700157      
19622586      
19662620      
19662636      
19642924      
19642928      
19662983      
19700079      
19700363      
19720029      

(62 rows affected)

(62 rows affected)
                                              
----------------------- ----------------------
2020-01-17 13:15:44.887               62.00000

(1 rows affected)
Changed database context to 'MDM_CM'.
ROWID_OBJECT  
--------------
19642688      
19622824      
19700157      
19642924      
19642928      
19662983      
19700363      
19622586      
19662620      
19662636      
19700079      
19720029      
18947378      
19622676      
19642714      
19622727      
19642720      
19700200      
19720234      
19622922      
19623057      
19643079      
19663033      
19700225      
19700405      
19720480      
19720482      
19622633      
19622655      
19720033      
19720084      
19662727      
19642867      
19720205      
19622897      
19622927      
19642893      
19720342      
19622970      
19642998      
19643018      
19663001      
19700015      
19700064      
19720528      
19720565      
19662682      
19622683      
19622685      
19642696      
19642821      
19700161      
19700172      
19720263      
19623022      
19642925      
19643050      
19662616      
19662673      
19662915      
19700455      
19720472      

(62 rows affected)

(62 rows affected)
                                              
----------------------- ----------------------
2020-01-17 14:15:44.060               62.00000

(1 rows affected)
Changed database context to 'MDM_CM'.
ROWID_OBJECT  
--------------
18947378      
19720480      
19720482      
19623057      
19643079      
19663033      
19700405      
19622676      
19622727      
19622922      
19642714      
19642720      
19700200      
19700225      
19720234      
19622633      
19622655      
19720033      
19720084      
19622970      
19642998      
19663001      
19643018      
19662727      
19720528      
19720565      
19622897      
19622927      
19642867      
19642893      
19700015      
19700064      
19720205      
19720342      
19662682      
19642924      
19642928      
19700363      
19622824      
19642688      
19662983      
19700157      
19622586      
19662620      
19662636      
19700079      
19720029      
19642925      
19623022      
19720472      
19622683      
19622685      
19643050      
19700455      
19642696      
19642821      
19662616      
19662673      
19662915      
19700161      
19700172      
19720263      

(62 rows affected)

(62 rows affected)
                                              
----------------------- ----------------------
2020-01-17 15:15:47.750               62.00000

(1 rows affected)
Changed database context to 'MDM_CM'.
ROWID_OBJECT  
--------------
19622970      
19642998      
19663001      
19643018      
19662727      
19720205      
19720528      
19622897      
19622927      
19642867      
19642893      
19662682      
19700015      
19700064      
19720342      
19642925      
19623022      
19643050      
19622683      
19642696      
19700161      
19700455      
19642821      
19662616      
19662673      
19662915      
19700172      
19720263      
19642924      
19642928      
19700363      
19622824      
19642688      
19662983      
19700157      
19622586      
19662620      
19700079      
18947378      
19720480      
19720482      
19623057      
19643079      
19663033      
19700405      
19622676      
19622727      
19622922      
19642714      
19642720      
19700225      
19720234      
19622633      
19622655      
19720033      
19720084      

(56 rows affected)

(56 rows affected)
                                              
----------------------- ----------------------
2020-01-24 10:15:51.283               56.00000

(1 rows affected)
Changed database context to 'MDM_CM'.
ROWID_OBJECT  
--------------
18947378      
19720480      
19720482      
19623057      
19643079      
19663033      
19700405      
19622676      
19622727      
19622922      
19642714      
19642720      
19700225      
19720234      
19622633      
19622655      
19720033      
19720084      
19642924      
19642928      
19700363      
19622824      
19642688      
19662983      
19700157      
19622586      
19662620      
19700079      
19642925      
19622683      
19642696      
19642821      
19700161      
19700172      
19720263      
19623022      
19643050      
19662616      
19662673      
19662915      
19700455      
19700015      
19662682      
19700064      
19622970      
19642998      
19663001      
19720528      
19622897      
19622927      
19642867      
19642893      
19643018      
19662727      
19720205      
19720342      

(56 rows affected)

(56 rows affected)
                                              
----------------------- ----------------------
2020-01-24 11:15:44.907               56.00000

(1 rows affected)
Changed database context to 'MDM_CM'.
ROWID_OBJECT  
--------------
19642925      
19623022      
19643050      
19622683      
19662616      
19662673      
19700455      
19642696      
19642821      
19662915      
19700161      
19700172      
19720263      
19642924      
19642928      
19700363      
19622586      
19662620      
19662983      
19700079      
19622824      
19642688      
19700157      
19622970      
19642998      
19663001      
19643018      
19700015      
19700064      
19720528      
19622897      
19622927      
19642867      
19642893      
19662682      
19662727      
19720205      
19720342      
18947378      
19720480      
19720482      
19623057      
19643079      
19663033      
19700405      
19622633      
19622655      
19622676      
19642714      
19642720      
19720033      
19720084      
19622727      
19622922      
19700225      
19720234      

(56 rows affected)

(56 rows affected)
                                              
----------------------- ----------------------
2020-01-24 12:15:45.947               56.00000

(1 rows affected)
Changed database context to 'MDM_CM'.
ROWID_OBJECT  
--------------
19662616      
19642925      
19662673      
19622683      
19623022      
19643050      
19700455      
19642696      
19642821      
19662915      
19700161      
19700172      
19720263      
18947378      
19720033      
19622633      
19622655      
19720084      
19720480      
19622676      
19623057      
19642714      
19642720      
19643079      
19663033      
19700405      
19720482      
19622727      
19622922      
19700225      
19720234      
19700015      
19662682      
19700064      
19622970      
19642998      
19663001      
19720528      
19622897      
19622927      
19642867      
19642893      
19643018      
19662727      
19720205      
19720342      
19622586      
19662620      
19700079      
19642924      
19642928      
19662983      
19700363      
19622824      
19642688      
19700157      

(56 rows affected)

(56 rows affected)
                                              
----------------------- ----------------------
2020-01-24 13:22:10.860               56.00000

(1 rows affected)
Changed database context to 'MDM_CM'.
ROWID_OBJECT  
--------------
18947378      
19720480      
19720482      
19622633      
19623057      
19720033      
19622655      
19622676      
19622727      
19642714      
19642720      
19643079      
19663033      
19720084      
19622922      
19700225      
19720234      
19662727      
19642867      
19720205      
19622897      
19622927      
19642893      
19720342      
19622970      
19642998      
19643018      
19662682      
19663001      
19700015      
19700064      
19720528      
19642925      
19623022      
19643050      
19622683      
19642696      
19700161      
19700455      
19642821      
19662616      
19662673      
19662915      
19700172      
19720263      
18940758      
19642924      
19642928      
19642688      
19662983      
19700157      
19700363      
19622586      
19622824      
19662620      
19700079      

(56 rows affected)

(56 rows affected)
                                              
----------------------- ----------------------
2020-01-31 07:15:52.910               56.00000

(1 rows affected)
Changed database context to 'MDM_CM'.
ROWID_OBJECT  
--------------
19622683      
19642696      
19700161      
19642821      
19662915      
19700172      
19720263      
19623022      
19642925      
19643050      
19662616      
19662673      
19700455      
18947378      
19622676      
19642714      
19622727      
19642720      
19700225      
19720234      
19622633      
19622655      
19622922      
19720033      
19720084      
19720480      
19720482      
19623057      
19643079      
19663033      
18940758      
19642688      
19700157      
19622586      
19622824      
19662620      
19700079      
19642924      
19642928      
19662983      
19700363      
19662727      
19642867      
19720205      
19622897      
19622927      
19642893      
19720342      
19622970      
19642998      
19643018      
19662682      
19663001      
19700015      
19700064      
19720528      

(56 rows affected)

(56 rows affected)
                                              
----------------------- ----------------------
2020-01-31 08:21:26.010               56.00000

(1 rows affected)
Changed database context to 'MDM_CM'.
ROWID_OBJECT  
--------------
18940758      
19642688      
19700157      
19622586      
19622824      
19662620      
19700079      
19642924      
19642928      
19662983      
19700363      
19622683      
19642696      
19700161      
19642821      
19662915      
19700172      
19720263      
19623022      
19642925      
19643050      
19662616      
19662673      
19700455      
19662727      
19642867      
19720205      
19622897      
19622927      
19642893      
19720342      
19622970      
19642998      
19643018      
19662682      
19663001      
19700015      
19700064      
19720528      
18947378      
19622676      
19642714      
19622727      
19642720      
19700225      
19720234      
19622633      
19622655      
19622922      
19720033      
19720084      
19720480      
19720482      
19623057      
19643079      
19663033      

(56 rows affected)

(56 rows affected)
                                              
----------------------- ----------------------
2020-01-31 09:15:46.020               56.00000

(1 rows affected)
Changed database context to 'MDM_CM'.
ROWID_OBJECT  
--------------
19662616      
19622683      
19662673      
19642696      
19700161      
19700172      
19720263      
19623022      
19642821      
19642925      
19643050      
19662915      
19700455      
18940758      
19622586      
19662620      
19622824      
19642688      
19700079      
19700157      
19642924      
19642928      
19662983      
19700363      
18947378      
19720033      
19622633      
19622655      
19622676      
19720084      
19622727      
19622922      
19642714      
19642720      
19700225      
19720234      
19720480      
19720482      
19623057      
19643079      
19663033      
19700015      
19662682      
19700064      
19642867      
19642893      
19662727      
19720205      
19622897      
19622927      
19622970      
19642998      
19643018      
19663001      
19720342      
19720528      

(56 rows affected)
Msg 1205, Level 13, State 52, Server NO000010SSQL14\MDMP3, Line 32
Transaction (Process ID 360) was deadlocked on lock | communication buffer resources with another process and has been chosen as the deadlock victim. Rerun the transaction.
Changed database context to 'MDM_CM'.
ROWID_OBJECT  
--------------
18940758      
19622586      
19662620      
19700079      
19642688      
19700157      
19622824      
19642924      
19642928      
19700363      
19662983      
19662616      
19662673      
19622683      
19642696      
19700161      
19700172      
19720263      
19642821      
19662915      
19642925      
19623022      
19643050      
19700455      
19700015      
19700064      
19662682      
19662727      
19720205      
19642867      
19642893      
19720342      
19622897      
19622927      
19622970      
19663001      
19642998      
19720528      
19643018      
18947378      
19720033      
19622633      
19720084      
19622655      
19622676      
19642714      
19642720      
19622727      
19720234      
19622922      
19720480      
19720482      
19623057      
19663033      
19643079      

(55 rows affected)

(55 rows affected)
                                              
----------------------- ----------------------
2020-02-13 14:16:12.700               55.00000

(1 rows affected)
