Changed database context to 'MDM_CM'.
ROWID_OBJECT  
--------------
18940758      
19622586      
19662620      
19700079      
19642688      
19700157      
19622824      
19642924      
19642928      
19700363      
19662983      
19662616      
19662673      
19622683      
19642696      
19700161      
19700172      
19720263      
19642821      
19662915      
19642925      
19623022      
19643050      
19700455      
19700015      
19700064      
19662682      
19662727      
19720205      
19642867      
19642893      
19720342      
19622897      
19622927      
19622970      
19663001      
19642998      
19720528      
19643018      
18947378      
19720033      
19622633      
19720084      
19622655      
19622676      
19642714      
19642720      
19622727      
19720234      
19622922      
19720480      
19720482      
19623057      
19663033      
19643079      

(55 rows affected)

(55 rows affected)
                                              
----------------------- ----------------------
2020-02-13 14:16:12.700               55.00000

(1 rows affected)
